2025-09-26T17:58:52.1198073Z Container start method called.
2025-09-26T17:58:52.1211723Z Establishing network.
2025-09-26T17:58:52.1216236Z Pulling image: appsvc/python:3.11_20250723.2.tuxprod.
2025-09-26T18:00:01.9938039Z Image appsvc/python:3.11_20250723.2.tuxprod is pulled from registry 10.1.0.4:13209
2025-09-26T18:00:01.9942404Z Container is starting.
2025-09-26T18:00:01.9945815Z Establishing user namespace if not established already.
2025-09-26T18:00:01.9948530Z Establishing network if not established already.
2025-09-26T18:00:01.9951168Z Mounting volumes.
2025-09-26T18:00:01.9955291Z Nested mountpoint 
2025-09-26T18:00:02.0428126Z Nested mountpoint volatile/logs
2025-09-26T18:00:02.0529061Z Nested mountpoint 
2025-09-26T18:00:02.1384587Z Nested mountpoint 
2025-09-26T18:00:02.1493360Z Nested mountpoint 
2025-09-26T18:00:25.8019937Z Creating container.
2025-09-26T18:00:25.8021729Z Creating pipes for streaming container io.
2025-09-26T18:00:25.8374945Z Creating stdout named pipe at /podr/container/pipe/4ef833354445_garments-pos-backend/stdout_40b49eb042ca4d4d8f7d4ec5137530b5.
2025-09-26T18:00:25.8572537Z Successfully created stdout named pipe at: /podr/container/pipe/4ef833354445_garments-pos-backend/stdout_40b49eb042ca4d4d8f7d4ec5137530b5.
2025-09-26T18:00:25.8574367Z Opening named pipe /podr/container/pipe/4ef833354445_garments-pos-backend/stdout_40b49eb042ca4d4d8f7d4ec5137530b5 for reading in non-blocking mode.
2025-09-26T18:00:25.8579286Z Successfully opened named pipe: /podr/container/pipe/4ef833354445_garments-pos-backend/stdout_40b49eb042ca4d4d8f7d4ec5137530b5.
2025-09-26T18:00:25.8581011Z Successfully removed non-blocking flag from /podr/container/pipe/4ef833354445_garments-pos-backend/stdout_40b49eb042ca4d4d8f7d4ec5137530b5.
2025-09-26T18:00:25.8584390Z Creating stderr named pipe at /podr/container/pipe/4ef833354445_garments-pos-backend/stderr_282199dfa2134a9b9a2c45fbec97a98c.
2025-09-26T18:00:25.8600034Z Successfully created stderr named pipe at: /podr/container/pipe/4ef833354445_garments-pos-backend/stderr_282199dfa2134a9b9a2c45fbec97a98c.
2025-09-26T18:00:25.8601750Z Opening named pipe /podr/container/pipe/4ef833354445_garments-pos-backend/stderr_282199dfa2134a9b9a2c45fbec97a98c for reading in non-blocking mode.
2025-09-26T18:00:25.8765899Z Successfully opened named pipe: /podr/container/pipe/4ef833354445_garments-pos-backend/stderr_282199dfa2134a9b9a2c45fbec97a98c.
2025-09-26T18:00:25.8782737Z Successfully removed non-blocking flag from /podr/container/pipe/4ef833354445_garments-pos-backend/stderr_282199dfa2134a9b9a2c45fbec97a98c.
2025-09-26T18:00:25.8784706Z Creating container with image: appsvc/python:3.11_20250723.2.tuxprod from registry: 10.1.0.4:13209 and fully qualified image name: 10.1.0.4:13209/appsvc/python:3.11_20250723.2.tuxprod
2025-09-26T18:00:26.7323390Z Starting container: 4ef833354445_garments-pos-backend.
2025-09-26T18:00:26.8220192Z Starting watchers and probes.
2025-09-26T18:00:26.8295020Z Starting metrics collection.
2025-09-26T18:00:26.8404514Z Container is running.
2025-09-26T18:00:27.0714196Z Container start method finished after 94951 ms.
2025-09-26T18:00:45.5033509Z Container has finished running with exit code: 1.
2025-09-26T18:00:45.5231104Z Container is terminating. Grace period: 5 seconds.
2025-09-26T18:00:45.5448353Z Stop and delete container. Retry count = 0
2025-09-26T18:00:45.5546164Z Stopping container: 4ef833354445_garments-pos-backend.
2025-09-26T18:00:45.6605867Z Deleting container: 4ef833354445_garments-pos-backend. Retry count = 0
2025-09-26T18:00:46.4818396Z Container spec TerminationMessagePolicy  path 
2025-09-26T18:00:46.4962896Z Container is terminated. Total time elapsed: 959 ms.
2025-09-26T18:00:46.4981000Z Site container: garments-pos-backend terminated during site startup.
2025-09-26T18:00:46.5158168Z Site startup probe failed after 19.4228924 seconds.
2025-09-26T18:00:46.5719023Z Failed to start site. Revert by stopping site.
2025-09-26T18:00:46.6289338Z Site: garments-pos-backend stopped.
2025-09-26T18:00:53.347Z INFO  - 3.11_20250723.2.tuxprod Pulling from appsvc/python
2025-09-26T18:00:53.359Z INFO  - 2d765646d883 Pulling fs layer
2025-09-26T18:00:53.359Z INFO  - ab9b3215ece1 Pulling fs layer
2025-09-26T18:00:53.359Z INFO  - 4f4fb700ef54 Pulling fs layer
2025-09-26T18:00:53.360Z INFO  - c8c26152a642 Pulling fs layer
2025-09-26T18:00:53.360Z INFO  - c56fb4a3b0da Pulling fs layer
2025-09-26T18:00:53.360Z INFO  - dbf7ae5d9c63 Pulling fs layer
2025-09-26T18:00:53.360Z INFO  - 220c52d5c00f Pulling fs layer
2025-09-26T18:00:53.360Z INFO  - 21afad33996d Pulling fs layer
2025-09-26T18:00:53.360Z INFO  - a83dfeaf7e13 Pulling fs layer
2025-09-26T18:00:53.360Z INFO  - 8229bfef2880 Pulling fs layer
2025-09-26T18:00:53.360Z INFO  - a829e5e6c9f1 Pulling fs layer
2025-09-26T18:00:53.360Z INFO  - 43b3f19a5f7b Pulling fs layer
2025-09-26T18:00:53.360Z INFO  - 7a953f5c3c0b Pulling fs layer
2025-09-26T18:00:53.360Z INFO  - edafa92cab42 Pulling fs layer
2025-09-26T18:00:53.360Z INFO  - 5e03e1f8cc28 Pulling fs layer
2025-09-26T18:00:53.360Z INFO  - 78ee667486be Pulling fs layer
2025-09-26T18:00:53.360Z INFO  - 1c6a5ee9f4e9 Pulling fs layer
2025-09-26T18:00:53.360Z INFO  - e8b550749e66 Pulling fs layer
2025-09-26T18:00:53.360Z INFO  - d15bc914a9c3 Pulling fs layer
2025-09-26T18:00:53.360Z INFO  - d33500780c7d Pulling fs layer
2025-09-26T18:00:53.361Z INFO  - 0a83b955bad1 Pulling fs layer
2025-09-26T18:00:53.361Z INFO  - ae62b20f0e06 Pulling fs layer
2025-09-26T18:00:53.361Z INFO  - 038c2b53fe5f Pulling fs layer
2025-09-26T18:00:53.361Z INFO  - d75c6794473c Pulling fs layer
2025-09-26T18:00:53.361Z INFO  - b049d305a6a1 Pulling fs layer
2025-09-26T18:00:53.361Z INFO  - a44dc634b318 Pulling fs layer
2025-09-26T18:00:53.361Z INFO  - 27073c19c451 Pulling fs layer
2025-09-26T18:00:53.361Z INFO  - 13527115d99f Pulling fs layer
2025-09-26T18:00:53.366Z INFO  - bf0fdaeeb3f7 Pulling fs layer
2025-09-26T18:00:53.366Z INFO  - 5102baefcdc8 Pulling fs layer
2025-09-26T18:00:53.367Z INFO  - 1025e0b47ade Pulling fs layer
2025-09-26T18:00:53.367Z INFO  - f66774ae7759 Pulling fs layer
2025-09-26T18:00:53.367Z INFO  - 9d3e177659ba Pulling fs layer
2025-09-26T18:00:53.367Z INFO  - 72b150d989ff Pulling fs layer
2025-09-26T18:00:53.367Z INFO  - 3a8890c16ee1 Pulling fs layer
2025-09-26T18:00:53.367Z INFO  - b4f74be282a8 Pulling fs layer
2025-09-26T18:00:53.367Z INFO  - 54c588595ccb Pulling fs layer
2025-09-26T18:00:53.367Z INFO  - aa5881a808a7 Pulling fs layer
2025-09-26T18:00:53.367Z INFO  - 0d10948fb54a Pulling fs layer
2025-09-26T18:00:53.367Z INFO  - cce10504149a Pulling fs layer
2025-09-26T18:00:53.368Z INFO  - 81ac14b1e143 Pulling fs layer
2025-09-26T18:00:53.368Z INFO  - 5d89654d990c Pulling fs layer
2025-09-26T18:00:53.368Z INFO  - b2884c533f11 Pulling fs layer
2025-09-26T18:00:53.368Z INFO  - 52653cff8975 Pulling fs layer
2025-09-26T18:00:53.369Z INFO  - 46283f458752 Pulling fs layer
2025-09-26T18:00:53.375Z INFO  - 18bdf1202246 Pulling fs layer
2025-09-26T18:00:53.375Z INFO  - f9cf866730ad Pulling fs layer
2025-09-26T18:00:53.375Z INFO  - 7b7e7c24cd01 Pulling fs layer
2025-09-26T18:00:53.375Z INFO  - b2e6613866c5 Pulling fs layer
2025-09-26T18:00:53.395Z INFO  - 0a83b955bad1 Waiting
2025-09-26T18:00:53.395Z INFO  - ae62b20f0e06 Waiting
2025-09-26T18:00:53.395Z INFO  - 038c2b53fe5f Waiting
2025-09-26T18:00:53.395Z INFO  - d75c6794473c Waiting
2025-09-26T18:00:53.395Z INFO  - b049d305a6a1 Waiting
2025-09-26T18:00:53.395Z INFO  - a44dc634b318 Waiting
2025-09-26T18:00:53.395Z INFO  - 27073c19c451 Waiting
2025-09-26T18:00:53.395Z INFO  - 13527115d99f Waiting
2025-09-26T18:00:53.395Z INFO  - bf0fdaeeb3f7 Waiting
2025-09-26T18:00:53.395Z INFO  - 5102baefcdc8 Waiting
2025-09-26T18:00:53.395Z INFO  - 1025e0b47ade Waiting
2025-09-26T18:00:53.395Z INFO  - f66774ae7759 Waiting
2025-09-26T18:00:53.395Z INFO  - 9d3e177659ba Waiting
2025-09-26T18:00:53.395Z INFO  - 72b150d989ff Waiting
2025-09-26T18:00:53.395Z INFO  - 3a8890c16ee1 Waiting
2025-09-26T18:00:53.395Z INFO  - b4f74be282a8 Waiting
2025-09-26T18:00:53.395Z INFO  - 54c588595ccb Waiting
2025-09-26T18:00:53.397Z INFO  - aa5881a808a7 Waiting
2025-09-26T18:00:53.397Z INFO  - 0d10948fb54a Waiting
2025-09-26T18:00:53.398Z INFO  - cce10504149a Waiting
2025-09-26T18:00:53.406Z INFO  - 81ac14b1e143 Waiting
2025-09-26T18:00:53.406Z INFO  - 5d89654d990c Waiting
2025-09-26T18:00:53.406Z INFO  - b2884c533f11 Waiting
2025-09-26T18:00:53.414Z INFO  - 52653cff8975 Waiting
2025-09-26T18:00:53.414Z INFO  - 46283f458752 Waiting
2025-09-26T18:00:53.414Z INFO  - 18bdf1202246 Waiting
2025-09-26T18:00:53.414Z INFO  - f9cf866730ad Waiting
2025-09-26T18:00:53.414Z INFO  - 7b7e7c24cd01 Waiting
2025-09-26T18:00:53.414Z INFO  - b2e6613866c5 Waiting
2025-09-26T18:00:53.444Z INFO  - d15bc914a9c3 Downloading 2KB / 2KB
2025-09-26T18:00:53.444Z INFO  - 21afad33996d Downloading 14KB / 14KB
2025-09-26T18:00:53.444Z INFO  - d15bc914a9c3 Verifying Checksum
2025-09-26T18:00:53.444Z INFO  - d15bc914a9c3 Download complete
2025-09-26T18:00:53.445Z INFO  - 21afad33996d Verifying Checksum
2025-09-26T18:00:53.445Z INFO  - 21afad33996d Download complete
2025-09-26T18:00:53.473Z INFO  - 43b3f19a5f7b Downloading 3KB / 10KB
2025-09-26T18:00:53.475Z INFO  - 8229bfef2880 Downloading 35KB / 1MB
2025-09-26T18:00:53.520Z INFO  - c56fb4a3b0da Downloading 35KB / 1MB
2025-09-26T18:00:53.520Z INFO  - 220c52d5c00f Downloading 3KB / 10KB
2025-09-26T18:00:53.520Z INFO  - edafa92cab42 Downloading 1KB / 1KB
2025-09-26T18:00:53.520Z INFO  - 78ee667486be Downloading 499B / 499B
2025-09-26T18:00:53.520Z INFO  - 4f4fb700ef54 Downloading 32B / 32B
2025-09-26T18:00:53.520Z INFO  - e8b550749e66 Downloading 527B / 527B
2025-09-26T18:00:53.521Z INFO  - 5e03e1f8cc28 Downloading 2KB / 2KB
2025-09-26T18:00:53.522Z INFO  - 1c6a5ee9f4e9 Downloading 528B / 528B
2025-09-26T18:00:53.523Z INFO  - c8c26152a642 Downloading 387B / 387B
2025-09-26T18:00:53.531Z INFO  - 43b3f19a5f7b Downloading 10KB / 10KB
2025-09-26T18:00:53.532Z INFO  - dbf7ae5d9c63 Downloading 39KB / 39KB
2025-09-26T18:00:53.539Z INFO  - a829e5e6c9f1 Downloading 39KB / 39KB
2025-09-26T18:00:53.541Z INFO  - 220c52d5c00f Downloading 10KB / 10KB
2025-09-26T18:00:53.541Z INFO  - edafa92cab42 Verifying Checksum
2025-09-26T18:00:53.542Z INFO  - edafa92cab42 Download complete
2025-09-26T18:00:53.558Z INFO  - 78ee667486be Verifying Checksum
2025-09-26T18:00:53.558Z INFO  - 78ee667486be Download complete
2025-09-26T18:00:53.558Z INFO  - 4f4fb700ef54 Verifying Checksum
2025-09-26T18:00:53.558Z INFO  - 4f4fb700ef54 Download complete
2025-09-26T18:00:53.558Z INFO  - e8b550749e66 Verifying Checksum
2025-09-26T18:00:53.558Z INFO  - e8b550749e66 Download complete
2025-09-26T18:00:53.559Z INFO  - 5e03e1f8cc28 Verifying Checksum
2025-09-26T18:00:53.559Z INFO  - 5e03e1f8cc28 Download complete
2025-09-26T18:00:53.559Z INFO  - 1c6a5ee9f4e9 Verifying Checksum
2025-09-26T18:00:53.559Z INFO  - 1c6a5ee9f4e9 Download complete
2025-09-26T18:00:53.559Z INFO  - c8c26152a642 Verifying Checksum
2025-09-26T18:00:53.559Z INFO  - c8c26152a642 Download complete
2025-09-26T18:00:53.559Z INFO  - 43b3f19a5f7b Verifying Checksum
2025-09-26T18:00:53.559Z INFO  - 43b3f19a5f7b Download complete
2025-09-26T18:00:53.559Z INFO  - dbf7ae5d9c63 Verifying Checksum
2025-09-26T18:00:53.559Z INFO  - dbf7ae5d9c63 Download complete
2025-09-26T18:00:53.559Z INFO  - a829e5e6c9f1 Verifying Checksum
2025-09-26T18:00:53.559Z INFO  - a829e5e6c9f1 Download complete
2025-09-26T18:00:53.559Z INFO  - 220c52d5c00f Verifying Checksum
2025-09-26T18:00:53.559Z INFO  - 220c52d5c00f Download complete
2025-09-26T18:00:53.586Z INFO  - 8229bfef2880 Downloading 284KB / 1MB
2025-09-26T18:00:53.605Z INFO  - 7a953f5c3c0b Downloading 14KB / 14KB
2025-09-26T18:00:53.645Z INFO  - 7a953f5c3c0b Verifying Checksum
2025-09-26T18:00:53.645Z INFO  - 7a953f5c3c0b Download complete
2025-09-26T18:00:53.663Z INFO  - 8229bfef2880 Verifying Checksum
2025-09-26T18:00:53.663Z INFO  - 8229bfef2880 Download complete
2025-09-26T18:00:53.663Z INFO  - 0a83b955bad1 Downloading 3KB / 4KB
2025-09-26T18:00:53.663Z INFO  - 0a83b955bad1 Downloading 4KB / 4KB
2025-09-26T18:00:53.663Z INFO  - 0a83b955bad1 Verifying Checksum
2025-09-26T18:00:53.663Z INFO  - 0a83b955bad1 Download complete
2025-09-26T18:00:53.663Z INFO  - d33500780c7d Downloading 517KB / 111MB
2025-09-26T18:00:53.682Z INFO  - a83dfeaf7e13 Downloading 514KB / 56MB
2025-09-26T18:00:53.796Z INFO  - c56fb4a3b0da Downloading 306KB / 1MB
2025-09-26T18:00:53.826Z INFO  - c56fb4a3b0da Downloading 1MB / 1MB
2025-09-26T18:00:53.853Z INFO  - c56fb4a3b0da Verifying Checksum
2025-09-26T18:00:53.853Z INFO  - c56fb4a3b0da Download complete
2025-09-26T18:00:53.952Z INFO  - ab9b3215ece1 Downloading 2MB / 28MB
2025-09-26T18:00:53.983Z INFO  - bf0fdaeeb3f7 Downloading 133B / 133B
2025-09-26T18:00:53.990Z INFO  - 27073c19c451 Downloading 1KB / 1KB
2025-09-26T18:00:53.990Z INFO  - a44dc634b318 Downloading 1KB / 1KB
2025-09-26T18:00:53.990Z INFO  - f66774ae7759 Downloading 833B / 833B
2025-09-26T18:00:53.990Z INFO  - 1025e0b47ade Downloading 270B / 270B
2025-09-26T18:00:53.990Z INFO  - 5102baefcdc8 Downloading 270B / 270B
2025-09-26T18:00:53.990Z INFO  - 9d3e177659ba Downloading 124B / 124B
2025-09-26T18:00:53.991Z INFO  - 13527115d99f Downloading 3KB / 3KB
2025-09-26T18:00:53.991Z INFO  - bf0fdaeeb3f7 Verifying Checksum
2025-09-26T18:00:53.991Z INFO  - bf0fdaeeb3f7 Download complete
2025-09-26T18:00:53.991Z INFO  - 27073c19c451 Verifying Checksum
2025-09-26T18:00:53.991Z INFO  - 27073c19c451 Download complete
2025-09-26T18:00:53.991Z INFO  - a44dc634b318 Verifying Checksum
2025-09-26T18:00:53.991Z INFO  - a44dc634b318 Download complete
2025-09-26T18:00:53.991Z INFO  - f66774ae7759 Verifying Checksum
2025-09-26T18:00:53.992Z INFO  - f66774ae7759 Download complete
2025-09-26T18:00:53.992Z INFO  - 1025e0b47ade Verifying Checksum
2025-09-26T18:00:53.992Z INFO  - 1025e0b47ade Download complete
2025-09-26T18:00:54.009Z INFO  - 5102baefcdc8 Verifying Checksum
2025-09-26T18:00:54.010Z INFO  - 5102baefcdc8 Download complete
2025-09-26T18:00:54.010Z INFO  - 9d3e177659ba Verifying Checksum
2025-09-26T18:00:54.011Z INFO  - 9d3e177659ba Download complete
2025-09-26T18:00:54.011Z INFO  - 13527115d99f Verifying Checksum
2025-09-26T18:00:54.011Z INFO  - 13527115d99f Download complete
2025-09-26T18:00:54.087Z INFO  - b049d305a6a1 Downloading 515KB / 67MB
2025-09-26T18:00:54.139Z INFO  - d33500780c7d Downloading 1MB / 111MB
2025-09-26T18:00:54.177Z INFO  - a83dfeaf7e13 Downloading 2MB / 56MB
2025-09-26T18:00:54.198Z INFO  - 2d765646d883 Downloading 3MB / 51MB
2025-09-26T18:00:54.206Z INFO  - 72b150d989ff Downloading 417B / 417B
2025-09-26T18:00:54.206Z INFO  - 3a8890c16ee1 Downloading 1KB / 1KB
2025-09-26T18:00:54.206Z INFO  - b4f74be282a8 Downloading 1KB / 1KB
2025-09-26T18:00:54.218Z INFO  - 54c588595ccb Downloading 2KB / 2KB
2025-09-26T18:00:54.236Z INFO  - 72b150d989ff Verifying Checksum
2025-09-26T18:00:54.237Z INFO  - 72b150d989ff Download complete
2025-09-26T18:00:54.238Z INFO  - 3a8890c16ee1 Verifying Checksum
2025-09-26T18:00:54.238Z INFO  - 3a8890c16ee1 Download complete
2025-09-26T18:00:54.245Z INFO  - b4f74be282a8 Verifying Checksum
2025-09-26T18:00:54.245Z INFO  - b4f74be282a8 Download complete
2025-09-26T18:00:54.246Z INFO  - 54c588595ccb Verifying Checksum
2025-09-26T18:00:54.247Z INFO  - 54c588595ccb Download complete
2025-09-26T18:00:54.372Z INFO  - 2d765646d883 Downloading 4MB / 51MB
2025-09-26T18:00:54.378Z INFO  - d75c6794473c Downloading 1MB / 5MB
2025-09-26T18:00:54.380Z INFO  - aa5881a808a7 Downloading 121B / 121B
2025-09-26T18:00:54.381Z INFO  - b2884c533f11 Downloading 137B / 137B
2025-09-26T18:00:54.382Z INFO  - 52653cff8975 Downloading 2KB / 2KB
2025-09-26T18:00:54.399Z INFO  - 5d89654d990c Downloading 842B / 842B
2025-09-26T18:00:54.399Z INFO  - 81ac14b1e143 Downloading 356B / 356B
2025-09-26T18:00:54.399Z INFO  - 0d10948fb54a Downloading 1KB / 1KB
2025-09-26T18:00:54.399Z INFO  - cce10504149a Downloading 1KB / 1KB
2025-09-26T18:00:54.399Z INFO  - 46283f458752 Downloading 144B / 144B
2025-09-26T18:00:54.399Z INFO  - aa5881a808a7 Verifying Checksum
2025-09-26T18:00:54.399Z INFO  - aa5881a808a7 Download complete
2025-09-26T18:00:54.399Z INFO  - b2884c533f11 Verifying Checksum
2025-09-26T18:00:54.399Z INFO  - b2884c533f11 Download complete
2025-09-26T18:00:54.399Z INFO  - 52653cff8975 Verifying Checksum
2025-09-26T18:00:54.399Z INFO  - 52653cff8975 Download complete
2025-09-26T18:00:54.399Z INFO  - 5d89654d990c Verifying Checksum
2025-09-26T18:00:54.399Z INFO  - 5d89654d990c Download complete
2025-09-26T18:00:54.399Z INFO  - 81ac14b1e143 Verifying Checksum
2025-09-26T18:00:54.399Z INFO  - 81ac14b1e143 Download complete
2025-09-26T18:00:54.399Z INFO  - 0d10948fb54a Verifying Checksum
2025-09-26T18:00:54.400Z INFO  - 0d10948fb54a Download complete
2025-09-26T18:00:54.400Z INFO  - cce10504149a Verifying Checksum
2025-09-26T18:00:54.400Z INFO  - cce10504149a Download complete
2025-09-26T18:00:54.400Z INFO  - 46283f458752 Verifying Checksum
2025-09-26T18:00:54.400Z INFO  - 46283f458752 Download complete
2025-09-26T18:00:54.490Z INFO  - d75c6794473c Downloading 1MB / 5MB
2025-09-26T18:00:54.527Z INFO  - d33500780c7d Downloading 3MB / 111MB
2025-09-26T18:00:54.528Z INFO  - a83dfeaf7e13 Downloading 4MB / 56MB
2025-09-26T18:00:54.538Z INFO  - ae62b20f0e06 Downloading 2MB / 36MB
2025-09-26T18:00:54.690Z INFO  - 18bdf1202246 Downloading 3KB / 11KB
2025-09-26T18:00:54.699Z INFO  - ab9b3215ece1 Downloading 5MB / 28MB
2025-09-26T18:00:54.699Z INFO  - a83dfeaf7e13 Downloading 5MB / 56MB
2025-09-26T18:00:54.699Z INFO  - 038c2b53fe5f Downloading 2MB / 32MB
2025-09-26T18:00:54.699Z INFO  - b049d305a6a1 Downloading 3MB / 67MB
2025-09-26T18:00:54.699Z INFO  - b2e6613866c5 Downloading 1KB / 1KB
2025-09-26T18:00:54.699Z INFO  - 7b7e7c24cd01 Downloading 16KB / 16KB
2025-09-26T18:00:54.700Z INFO  - 18bdf1202246 Downloading 11KB / 11KB
2025-09-26T18:00:54.700Z INFO  - b2e6613866c5 Verifying Checksum
2025-09-26T18:00:54.700Z INFO  - b2e6613866c5 Download complete
2025-09-26T18:00:54.700Z INFO  - 7b7e7c24cd01 Verifying Checksum
2025-09-26T18:00:54.700Z INFO  - 7b7e7c24cd01 Download complete
2025-09-26T18:00:54.700Z INFO  - 18bdf1202246 Verifying Checksum
2025-09-26T18:00:54.700Z INFO  - 18bdf1202246 Download complete
2025-09-26T18:00:54.837Z INFO  - f9cf866730ad Downloading 252KB / 5MB
2025-09-26T18:00:54.838Z INFO  - ab9b3215ece1 Downloading 6MB / 28MB
2025-09-26T18:00:54.855Z INFO  - 038c2b53fe5f Downloading 3MB / 32MB
2025-09-26T18:00:54.940Z INFO  - d75c6794473c Downloading 3MB / 5MB
2025-09-26T18:00:55.037Z INFO  - ae62b20f0e06 Downloading 6MB / 36MB
2025-09-26T18:00:55.084Z INFO  - b049d305a6a1 Downloading 5MB / 67MB
2025-09-26T18:00:55.128Z INFO  - 2d765646d883 Downloading 8MB / 51MB
2025-09-26T18:00:55.149Z INFO  - ab9b3215ece1 Downloading 9MB / 28MB
2025-09-26T18:00:55.178Z INFO  - ae62b20f0e06 Downloading 6MB / 36MB
2025-09-26T18:00:55.310Z INFO  - b049d305a6a1 Downloading 6MB / 67MB
2025-09-26T18:00:55.454Z INFO  - f9cf866730ad Downloading 636KB / 5MB
2025-09-26T18:00:55.455Z INFO  - d33500780c7d Downloading 7MB / 111MB
2025-09-26T18:00:55.678Z INFO  - ae62b20f0e06 Downloading 7MB / 36MB
2025-09-26T18:00:55.678Z INFO  - d75c6794473c Downloading 4MB / 5MB
2025-09-26T18:00:55.678Z INFO  - ab9b3215ece1 Downloading 10MB / 28MB
2025-09-26T18:00:55.678Z INFO  - f9cf866730ad Downloading 1MB / 5MB
2025-09-26T18:00:55.697Z INFO  - 038c2b53fe5f Downloading 6MB / 32MB
2025-09-26T18:00:55.698Z INFO  - d75c6794473c Downloading 4MB / 5MB
2025-09-26T18:00:55.698Z INFO  - 2d765646d883 Downloading 9MB / 51MB
2025-09-26T18:00:55.741Z INFO  - ae62b20f0e06 Downloading 9MB / 36MB
2025-09-26T18:00:55.741Z INFO  - a83dfeaf7e13 Downloading 10MB / 56MB
2025-09-26T18:00:55.741Z INFO  - 038c2b53fe5f Downloading 7MB / 32MB
2025-09-26T18:00:55.742Z INFO  - d75c6794473c Downloading 4MB / 5MB
2025-09-26T18:00:55.742Z INFO  - 2d765646d883 Downloading 10MB / 51MB
2025-09-26T18:00:55.742Z INFO  - ab9b3215ece1 Downloading 11MB / 28MB
2025-09-26T18:00:55.860Z INFO  - f9cf866730ad Downloading 1MB / 5MB
2025-09-26T18:00:55.877Z INFO  - d75c6794473c Downloading 5MB / 5MB
2025-09-26T18:00:55.877Z INFO  - b049d305a6a1 Downloading 8MB / 67MB
2025-09-26T18:00:55.877Z INFO  - ab9b3215ece1 Downloading 11MB / 28MB
2025-09-26T18:00:55.877Z INFO  - d75c6794473c Verifying Checksum
2025-09-26T18:00:55.877Z INFO  - d75c6794473c Download complete
2025-09-26T18:00:56.019Z INFO  - f9cf866730ad Downloading 1MB / 5MB
2025-09-26T18:00:56.019Z INFO  - 2d765646d883 Downloading 11MB / 51MB
2025-09-26T18:00:56.019Z INFO  - ae62b20f0e06 Downloading 9MB / 36MB
2025-09-26T18:00:56.019Z INFO  - 038c2b53fe5f Downloading 8MB / 32MB
2025-09-26T18:00:56.212Z INFO  - ab9b3215ece1 Downloading 12MB / 28MB
2025-09-26T18:00:56.276Z INFO  - a83dfeaf7e13 Downloading 11MB / 56MB
2025-09-26T18:00:56.276Z INFO  - 2d765646d883 Downloading 12MB / 51MB
2025-09-26T18:00:56.276Z INFO  - ae62b20f0e06 Downloading 10MB / 36MB
2025-09-26T18:00:56.312Z INFO  - d33500780c7d Downloading 12MB / 111MB
2025-09-26T18:00:56.458Z INFO  - ae62b20f0e06 Downloading 11MB / 36MB
2025-09-26T18:00:56.546Z INFO  - b049d305a6a1 Downloading 10MB / 67MB
2025-09-26T18:00:56.562Z INFO  - 038c2b53fe5f Downloading 9MB / 32MB
2025-09-26T18:00:56.807Z INFO  - 2d765646d883 Downloading 13MB / 51MB
2025-09-26T18:00:56.807Z INFO  - ab9b3215ece1 Downloading 12MB / 28MB
2025-09-26T18:00:57.048Z INFO  - f9cf866730ad Downloading 3MB / 5MB
2025-09-26T18:00:57.048Z INFO  - a83dfeaf7e13 Downloading 12MB / 56MB
2025-09-26T18:00:57.048Z INFO  - b049d305a6a1 Downloading 11MB / 67MB
2025-09-26T18:00:57.048Z INFO  - 2d765646d883 Downloading 14MB / 51MB
2025-09-26T18:00:57.048Z INFO  - ab9b3215ece1 Downloading 14MB / 28MB
2025-09-26T18:00:57.048Z INFO  - d33500780c7d Downloading 14MB / 111MB
2025-09-26T18:00:57.209Z INFO  - 2d765646d883 Downloading 15MB / 51MB
2025-09-26T18:00:57.324Z INFO  - f9cf866730ad Verifying Checksum
2025-09-26T18:00:57.324Z INFO  - f9cf866730ad Download complete
2025-09-26T18:00:57.324Z INFO  - 038c2b53fe5f Downloading 12MB / 32MB
2025-09-26T18:00:57.324Z INFO  - ae62b20f0e06 Downloading 15MB / 36MB
2025-09-26T18:00:57.324Z INFO  - a83dfeaf7e13 Downloading 14MB / 56MB
2025-09-26T18:00:57.343Z INFO  - b049d305a6a1 Downloading 12MB / 67MB
2025-09-26T18:00:57.509Z INFO  - ab9b3215ece1 Downloading 15MB / 28MB
2025-09-26T18:00:57.509Z INFO  - 038c2b53fe5f Downloading 12MB / 32MB
2025-09-26T18:00:57.509Z INFO  - ae62b20f0e06 Downloading 17MB / 36MB
2025-09-26T18:00:57.634Z INFO  - ab9b3215ece1 Downloading 16MB / 28MB
2025-09-26T18:00:57.635Z INFO  - 038c2b53fe5f Downloading 13MB / 32MB
2025-09-26T18:00:57.673Z INFO  - d33500780c7d Downloading 16MB / 111MB
2025-09-26T18:00:57.805Z INFO  - ae62b20f0e06 Downloading 18MB / 36MB
2025-09-26T18:00:57.815Z INFO  - 038c2b53fe5f Downloading 13MB / 32MB
2025-09-26T18:00:57.815Z INFO  - a83dfeaf7e13 Downloading 16MB / 56MB
2025-09-26T18:00:57.815Z INFO  - 038c2b53fe5f Downloading 14MB / 32MB
2025-09-26T18:00:57.906Z INFO  - ab9b3215ece1 Downloading 16MB / 28MB
2025-09-26T18:00:57.907Z INFO  - b049d305a6a1 Downloading 13MB / 67MB
2025-09-26T18:00:57.972Z INFO  - d33500780c7d Downloading 18MB / 111MB
2025-09-26T18:00:58.050Z INFO  - 2d765646d883 Downloading 19MB / 51MB
2025-09-26T18:00:58.186Z INFO  - ab9b3215ece1 Downloading 17MB / 28MB
2025-09-26T18:00:58.197Z INFO  - ae62b20f0e06 Downloading 20MB / 36MB
2025-09-26T18:00:58.198Z INFO  - 038c2b53fe5f Downloading 16MB / 32MB
2025-09-26T18:00:58.199Z INFO  - b049d305a6a1 Downloading 15MB / 67MB
2025-09-26T18:00:58.321Z INFO  - a83dfeaf7e13 Downloading 18MB / 56MB
2025-09-26T18:00:58.340Z INFO  - ab9b3215ece1 Downloading 18MB / 28MB
2025-09-26T18:00:58.347Z INFO  - ae62b20f0e06 Downloading 21MB / 36MB
2025-09-26T18:00:58.474Z INFO  - a83dfeaf7e13 Downloading 19MB / 56MB
2025-09-26T18:00:58.475Z INFO  - ab9b3215ece1 Downloading 18MB / 28MB
2025-09-26T18:00:58.665Z INFO  - d33500780c7d Downloading 20MB / 111MB
2025-09-26T18:00:58.666Z INFO  - a83dfeaf7e13 Downloading 20MB / 56MB
2025-09-26T18:00:58.683Z INFO  - ae62b20f0e06 Downloading 23MB / 36MB
2025-09-26T18:00:58.684Z INFO  - 038c2b53fe5f Downloading 20MB / 32MB
2025-09-26T18:00:58.819Z INFO  - a83dfeaf7e13 Downloading 21MB / 56MB
2025-09-26T18:00:58.819Z INFO  - ab9b3215ece1 Downloading 20MB / 28MB
2025-09-26T18:00:58.819Z INFO  - b049d305a6a1 Downloading 19MB / 67MB
2025-09-26T18:00:58.819Z INFO  - 2d765646d883 Downloading 22MB / 51MB
2025-09-26T18:00:59.021Z INFO  - d33500780c7d Downloading 23MB / 111MB
2025-09-26T18:00:59.033Z INFO  - a83dfeaf7e13 Downloading 22MB / 56MB
2025-09-26T18:00:59.034Z INFO  - ab9b3215ece1 Downloading 21MB / 28MB
2025-09-26T18:00:59.040Z INFO  - ae62b20f0e06 Downloading 25MB / 36MB
2025-09-26T18:00:59.042Z INFO  - 2d765646d883 Downloading 23MB / 51MB
2025-09-26T18:00:59.205Z INFO  - d33500780c7d Downloading 24MB / 111MB
2025-09-26T18:00:59.223Z INFO  - ab9b3215ece1 Downloading 23MB / 28MB
2025-09-26T18:00:59.328Z INFO  - b049d305a6a1 Downloading 22MB / 67MB
2025-09-26T18:00:59.329Z INFO  - ae62b20f0e06 Downloading 27MB / 36MB
2025-09-26T18:00:59.330Z INFO  - 2d765646d883 Downloading 27MB / 51MB
2025-09-26T18:00:59.337Z INFO  - 038c2b53fe5f Downloading 24MB / 32MB
2025-09-26T18:00:59.455Z INFO  - a83dfeaf7e13 Downloading 25MB / 56MB
2025-09-26T18:00:59.541Z INFO  - ab9b3215ece1 Downloading 24MB / 28MB
2025-09-26T18:00:59.564Z INFO  - 2d765646d883 Downloading 29MB / 51MB
2025-09-26T18:00:59.582Z INFO  - ae62b20f0e06 Downloading 28MB / 36MB
2025-09-26T18:00:59.630Z INFO  - a83dfeaf7e13 Downloading 26MB / 56MB
2025-09-26T18:00:59.630Z INFO  - d33500780c7d Downloading 27MB / 111MB
2025-09-26T18:00:59.631Z INFO  - b049d305a6a1 Downloading 24MB / 67MB
2025-09-26T18:00:59.631Z INFO  - ab9b3215ece1 Downloading 26MB / 28MB
2025-09-26T18:00:59.638Z INFO  - 038c2b53fe5f Downloading 25MB / 32MB
2025-09-26T18:00:59.783Z INFO  - ae62b20f0e06 Downloading 30MB / 36MB
2025-09-26T18:00:59.987Z INFO  - ab9b3215ece1 Downloading 27MB / 28MB
2025-09-26T18:00:59.988Z INFO  - b049d305a6a1 Downloading 24MB / 67MB
2025-09-26T18:01:00.085Z INFO  - d33500780c7d Downloading 29MB / 111MB
2025-09-26T18:01:00.120Z INFO  - 2d765646d883 Downloading 31MB / 51MB
2025-09-26T18:01:00.158Z INFO  - a83dfeaf7e13 Downloading 29MB / 56MB
2025-09-26T18:01:00.250Z INFO  - ab9b3215ece1 Downloading 27MB / 28MB
2025-09-26T18:01:00.274Z INFO  - 2d765646d883 Downloading 32MB / 51MB
2025-09-26T18:01:00.533Z INFO  - 2d765646d883 Downloading 33MB / 51MB
2025-09-26T18:01:00.534Z INFO  - ae62b20f0e06 Downloading 32MB / 36MB
2025-09-26T18:01:00.534Z INFO  - d33500780c7d Downloading 31MB / 111MB
2025-09-26T18:01:00.534Z INFO  - b049d305a6a1 Downloading 27MB / 67MB
2025-09-26T18:01:00.534Z INFO  - ab9b3215ece1 Verifying Checksum
2025-09-26T18:01:00.534Z INFO  - ab9b3215ece1 Download complete
2025-09-26T18:01:00.641Z INFO  - 038c2b53fe5f Downloading 29MB / 32MB
2025-09-26T18:01:00.642Z INFO  - a83dfeaf7e13 Downloading 32MB / 56MB
2025-09-26T18:01:00.968Z INFO  - 2d765646d883 Downloading 36MB / 51MB
2025-09-26T18:01:01.014Z INFO  - b049d305a6a1 Downloading 30MB / 67MB
2025-09-26T18:01:01.014Z INFO  - a83dfeaf7e13 Downloading 33MB / 56MB
2025-09-26T18:01:01.014Z INFO  - d33500780c7d Downloading 33MB / 111MB
2025-09-26T18:01:01.180Z INFO  - ae62b20f0e06 Downloading 36MB / 36MB
2025-09-26T18:01:01.199Z INFO  - 038c2b53fe5f Downloading 31MB / 32MB
2025-09-26T18:01:01.199Z INFO  - b049d305a6a1 Downloading 31MB / 67MB
2025-09-26T18:01:01.199Z INFO  - a83dfeaf7e13 Downloading 34MB / 56MB
2025-09-26T18:01:01.199Z INFO  - ae62b20f0e06 Verifying Checksum
2025-09-26T18:01:01.199Z INFO  - ae62b20f0e06 Download complete
2025-09-26T18:01:01.262Z INFO  - 038c2b53fe5f Downloading 32MB / 32MB
2025-09-26T18:01:01.269Z INFO  - a83dfeaf7e13 Downloading 35MB / 56MB
2025-09-26T18:01:01.307Z INFO  - 2d765646d883 Downloading 37MB / 51MB
2025-09-26T18:01:01.371Z INFO  - 038c2b53fe5f Verifying Checksum
2025-09-26T18:01:01.371Z INFO  - 038c2b53fe5f Download complete
2025-09-26T18:01:01.505Z INFO  - d33500780c7d Downloading 36MB / 111MB
2025-09-26T18:01:01.613Z INFO  - b049d305a6a1 Downloading 33MB / 67MB
2025-09-26T18:01:01.614Z INFO  - a83dfeaf7e13 Downloading 37MB / 56MB
2025-09-26T18:01:01.750Z INFO  - d33500780c7d Downloading 38MB / 111MB
2025-09-26T18:01:01.757Z INFO  - 2d765646d883 Downloading 39MB / 51MB
2025-09-26T18:01:01.816Z INFO  - b049d305a6a1 Downloading 35MB / 67MB
2025-09-26T18:01:01.825Z INFO  - a83dfeaf7e13 Downloading 38MB / 56MB
2025-09-26T18:01:01.834Z INFO  - d33500780c7d Downloading 38MB / 111MB
2025-09-26T18:01:01.873Z INFO  - 2d765646d883 Downloading 40MB / 51MB
2025-09-26T18:01:01.941Z INFO  - b049d305a6a1 Downloading 37MB / 67MB
2025-09-26T18:01:02.017Z INFO  - a83dfeaf7e13 Downloading 40MB / 56MB
2025-09-26T18:01:02.109Z INFO  - 2d765646d883 Downloading 42MB / 51MB
2025-09-26T18:01:02.109Z INFO  - a83dfeaf7e13 Downloading 42MB / 56MB
2025-09-26T18:01:02.110Z INFO  - b049d305a6a1 Downloading 38MB / 67MB
2025-09-26T18:01:02.148Z INFO  - d33500780c7d Downloading 40MB / 111MB
2025-09-26T18:01:02.296Z INFO  - d33500780c7d Downloading 42MB / 111MB
2025-09-26T18:01:02.314Z INFO  - a83dfeaf7e13 Downloading 45MB / 56MB
2025-09-26T18:01:02.453Z INFO  - 2d765646d883 Downloading 46MB / 51MB
2025-09-26T18:01:02.463Z INFO  - a83dfeaf7e13 Downloading 46MB / 56MB
2025-09-26T18:01:02.490Z INFO  - d33500780c7d Downloading 45MB / 111MB
2025-09-26T18:01:02.579Z INFO  - 2d765646d883 Downloading 48MB / 51MB
2025-09-26T18:01:02.653Z INFO  - a83dfeaf7e13 Downloading 48MB / 56MB
2025-09-26T18:01:02.703Z INFO  - a83dfeaf7e13 Downloading 49MB / 56MB
2025-09-26T18:01:02.769Z INFO  - 2d765646d883 Downloading 50MB / 51MB
2025-09-26T18:01:02.769Z INFO  - d33500780c7d Downloading 47MB / 111MB
2025-09-26T18:01:02.847Z INFO  - b049d305a6a1 Downloading 43MB / 67MB
2025-09-26T18:01:02.856Z INFO  - 2d765646d883 Verifying Checksum
2025-09-26T18:01:02.857Z INFO  - 2d765646d883 Download complete
2025-09-26T18:01:02.961Z INFO  - a83dfeaf7e13 Downloading 52MB / 56MB
2025-09-26T18:01:03.058Z INFO  - b049d305a6a1 Downloading 46MB / 67MB
2025-09-26T18:01:03.489Z INFO  - 2d765646d883 Extracting 1MB / 51MB
2025-09-26T18:01:03.490Z INFO  - b049d305a6a1 Downloading 47MB / 67MB
2025-09-26T18:01:03.505Z INFO  - d33500780c7d Downloading 51MB / 111MB
2025-09-26T18:01:03.564Z INFO  - b049d305a6a1 Downloading 48MB / 67MB
2025-09-26T18:01:03.796Z INFO  - a83dfeaf7e13 Downloading 56MB / 56MB
2025-09-26T18:01:03.801Z INFO  - 2d765646d883 Extracting 2MB / 51MB
2025-09-26T18:01:03.802Z INFO  - a83dfeaf7e13 Verifying Checksum
2025-09-26T18:01:03.802Z INFO  - a83dfeaf7e13 Download complete
2025-09-26T18:01:03.932Z INFO  - d33500780c7d Downloading 53MB / 111MB
2025-09-26T18:01:04.039Z INFO  - b049d305a6a1 Downloading 52MB / 67MB
2025-09-26T18:01:04.171Z INFO  - d33500780c7d Downloading 56MB / 111MB
2025-09-26T18:01:04.757Z INFO  - b049d305a6a1 Downloading 55MB / 67MB
2025-09-26T18:01:05.040Z INFO  - d33500780c7d Downloading 58MB / 111MB
2025-09-26T18:01:05.286Z INFO  - b049d305a6a1 Downloading 57MB / 67MB
2025-09-26T18:01:05.422Z INFO  - 2d765646d883 Extracting 3MB / 51MB
2025-09-26T18:01:05.743Z INFO  - b049d305a6a1 Downloading 58MB / 67MB
2025-09-26T18:01:05.782Z INFO  - d33500780c7d Downloading 60MB / 111MB
2025-09-26T18:01:05.963Z INFO  - d33500780c7d Downloading 61MB / 111MB
2025-09-26T18:01:06.275Z INFO  - b049d305a6a1 Downloading 61MB / 67MB
2025-09-26T18:01:06.471Z INFO  - b049d305a6a1 Downloading 61MB / 67MB
2025-09-26T18:01:06.729Z INFO  - 2d765646d883 Extracting 5MB / 51MB
2025-09-26T18:01:07.096Z INFO  - b049d305a6a1 Downloading 62MB / 67MB
2025-09-26T18:01:07.195Z INFO  - d33500780c7d Downloading 65MB / 111MB
2025-09-26T18:01:07.683Z INFO  - b049d305a6a1 Downloading 64MB / 67MB
2025-09-26T18:01:07.683Z INFO  - d33500780c7d Downloading 67MB / 111MB
2025-09-26T18:01:07.789Z INFO  - d33500780c7d Downloading 67MB / 111MB
2025-09-26T18:01:08.114Z INFO  - b049d305a6a1 Downloading 66MB / 67MB
2025-09-26T18:01:08.115Z INFO  - 2d765646d883 Extracting 6MB / 51MB
2025-09-26T18:01:08.830Z INFO  - b049d305a6a1 Verifying Checksum
2025-09-26T18:01:08.830Z INFO  - b049d305a6a1 Download complete
2025-09-26T18:01:08.915Z INFO  - d33500780c7d Downloading 70MB / 111MB
2025-09-26T18:01:09.072Z INFO  - d33500780c7d Downloading 72MB / 111MB
2025-09-26T18:01:09.544Z INFO  - 2d765646d883 Extracting 7MB / 51MB
2025-09-26T18:01:09.545Z INFO  - d33500780c7d Downloading 73MB / 111MB
2025-09-26T18:01:10.151Z INFO  - 2d765646d883 Extracting 8MB / 51MB
2025-09-26T18:01:10.637Z INFO  - 2d765646d883 Extracting 9MB / 51MB
2025-09-26T18:01:10.878Z INFO  - d33500780c7d Downloading 76MB / 111MB
2025-09-26T18:01:11.066Z INFO  - 2d765646d883 Extracting 10MB / 51MB
2025-09-26T18:01:11.559Z INFO  - 2d765646d883 Extracting 11MB / 51MB
2025-09-26T18:01:11.936Z INFO  - 2d765646d883 Extracting 12MB / 51MB
2025-09-26T18:01:12.005Z INFO  - d33500780c7d Downloading 82MB / 111MB
2025-09-26T18:01:12.901Z INFO  - 2d765646d883 Extracting 13MB / 51MB
2025-09-26T18:01:13.424Z INFO  - d33500780c7d Downloading 92MB / 111MB
2025-09-26T18:01:13.687Z INFO  - d33500780c7d Downloading 94MB / 111MB
2025-09-26T18:01:14.026Z INFO  - d33500780c7d Downloading 96MB / 111MB
2025-09-26T18:01:14.260Z INFO  - d33500780c7d Downloading 98MB / 111MB
2025-09-26T18:01:14.344Z INFO  - 2d765646d883 Extracting 17MB / 51MB
2025-09-26T18:01:14.470Z INFO  - 2d765646d883 Extracting 18MB / 51MB
2025-09-26T18:01:14.606Z INFO  - 2d765646d883 Extracting 19MB / 51MB
2025-09-26T18:01:14.770Z INFO  - 2d765646d883 Extracting 20MB / 51MB
2025-09-26T18:01:14.896Z INFO  - 2d765646d883 Extracting 21MB / 51MB
2025-09-26T18:01:15.009Z INFO  - d33500780c7d Downloading 100MB / 111MB
2025-09-26T18:01:15.063Z INFO  - 2d765646d883 Extracting 22MB / 51MB
2025-09-26T18:01:15.422Z INFO  - 2d765646d883 Extracting 24MB / 51MB
2025-09-26T18:01:15.793Z INFO  - d33500780c7d Downloading 105MB / 111MB
2025-09-26T18:01:16.040Z INFO  - 2d765646d883 Extracting 26MB / 51MB
2025-09-26T18:01:16.056Z INFO  - d33500780c7d Downloading 109MB / 111MB
2025-09-26T18:01:16.355Z INFO  - d33500780c7d Verifying Checksum
2025-09-26T18:01:16.356Z INFO  - d33500780c7d Download complete
2025-09-26T18:01:16.646Z INFO  - 2d765646d883 Extracting 27MB / 51MB
2025-09-26T18:01:16.752Z INFO  - 2d765646d883 Extracting 28MB / 51MB
2025-09-26T18:01:16.973Z INFO  - 2d765646d883 Extracting 31MB / 51MB
2025-09-26T18:01:17.650Z INFO  - 2d765646d883 Extracting 35MB / 51MB
2025-09-26T18:01:17.650Z INFO  - 2d765646d883 Extracting 38MB / 51MB
2025-09-26T18:01:17.930Z INFO  - 2d765646d883 Extracting 39MB / 51MB
2025-09-26T18:01:18.164Z INFO  - 2d765646d883 Extracting 40MB / 51MB
2025-09-26T18:01:19.141Z INFO  - 2d765646d883 Extracting 41MB / 51MB
2025-09-26T18:01:19.141Z INFO  - 2d765646d883 Extracting 42MB / 51MB
2025-09-26T18:01:19.141Z INFO  - 2d765646d883 Extracting 43MB / 51MB
2025-09-26T18:01:19.567Z INFO  - 2d765646d883 Extracting 46MB / 51MB
2025-09-26T18:01:19.956Z INFO  - 2d765646d883 Extracting 47MB / 51MB
2025-09-26T18:01:20.427Z INFO  - 2d765646d883 Extracting 48MB / 51MB
2025-09-26T18:01:20.851Z INFO  - 2d765646d883 Extracting 49MB / 51MB
2025-09-26T18:01:22.766Z INFO  - 2d765646d883 Extracting 51MB / 51MB
2025-09-26T18:01:22.972Z INFO  - 2d765646d883 Pull complete
2025-09-26T18:01:23.790Z INFO  - ab9b3215ece1 Extracting 4MB / 28MB
2025-09-26T18:01:24.103Z INFO  - ab9b3215ece1 Extracting 8MB / 28MB
2025-09-26T18:01:25.065Z INFO  - ab9b3215ece1 Extracting 14MB / 28MB
2025-09-26T18:01:25.664Z INFO  - ab9b3215ece1 Extracting 18MB / 28MB
2025-09-26T18:01:25.906Z INFO  - ab9b3215ece1 Extracting 20MB / 28MB
2025-09-26T18:01:25.927Z INFO  - ab9b3215ece1 Extracting 23MB / 28MB
2025-09-26T18:01:26.808Z INFO  - ab9b3215ece1 Extracting 28MB / 28MB
2025-09-26T18:01:26.917Z INFO  - ab9b3215ece1 Pull complete
2025-09-26T18:01:26.920Z INFO  - 4f4fb700ef54 Extracting 32B / 32B
2025-09-26T18:01:26.928Z INFO  - 4f4fb700ef54 Extracting 32B / 32B
2025-09-26T18:01:26.940Z INFO  - 4f4fb700ef54 Pull complete
2025-09-26T18:01:26.953Z INFO  - c8c26152a642 Extracting 387B / 387B
2025-09-26T18:01:26.964Z INFO  - c8c26152a642 Extracting 387B / 387B
2025-09-26T18:01:26.975Z INFO  - c8c26152a642 Pull complete
2025-09-26T18:01:26.983Z INFO  - c56fb4a3b0da Extracting 32KB / 1MB
2025-09-26T18:01:27.129Z INFO  - c56fb4a3b0da Extracting 640KB / 1MB
2025-09-26T18:01:27.129Z INFO  - c56fb4a3b0da Extracting 1MB / 1MB
2025-09-26T18:01:27.158Z INFO  - c56fb4a3b0da Pull complete
2025-09-26T18:01:27.168Z INFO  - dbf7ae5d9c63 Extracting 32KB / 39KB
2025-09-26T18:01:27.221Z INFO  - dbf7ae5d9c63 Extracting 39KB / 39KB
2025-09-26T18:01:27.276Z INFO  - dbf7ae5d9c63 Extracting 39KB / 39KB
2025-09-26T18:01:27.289Z INFO  - dbf7ae5d9c63 Pull complete
2025-09-26T18:01:27.307Z INFO  - 220c52d5c00f Extracting 10KB / 10KB
2025-09-26T18:01:27.326Z INFO  - 220c52d5c00f Extracting 10KB / 10KB
2025-09-26T18:01:27.356Z INFO  - 220c52d5c00f Pull complete
2025-09-26T18:01:27.365Z INFO  - 21afad33996d Extracting 14KB / 14KB
2025-09-26T18:01:27.396Z INFO  - 21afad33996d Extracting 14KB / 14KB
2025-09-26T18:01:27.408Z INFO  - 21afad33996d Pull complete
2025-09-26T18:01:27.877Z INFO  - a83dfeaf7e13 Extracting 1MB / 56MB
2025-09-26T18:01:28.178Z INFO  - a83dfeaf7e13 Extracting 5MB / 56MB
2025-09-26T18:01:28.490Z INFO  - a83dfeaf7e13 Extracting 7MB / 56MB
2025-09-26T18:01:28.960Z INFO  - a83dfeaf7e13 Extracting 10MB / 56MB
2025-09-26T18:01:29.301Z INFO  - a83dfeaf7e13 Extracting 12MB / 56MB
2025-09-26T18:01:29.612Z INFO  - a83dfeaf7e13 Extracting 14MB / 56MB
2025-09-26T18:01:30.514Z INFO  - a83dfeaf7e13 Extracting 22MB / 56MB
2025-09-26T18:01:30.515Z INFO  - a83dfeaf7e13 Extracting 23MB / 56MB
2025-09-26T18:01:31.116Z INFO  - a83dfeaf7e13 Extracting 27MB / 56MB
2025-09-26T18:01:31.426Z INFO  - a83dfeaf7e13 Extracting 29MB / 56MB
2025-09-26T18:01:31.807Z INFO  - a83dfeaf7e13 Extracting 35MB / 56MB
2025-09-26T18:01:31.807Z INFO  - a83dfeaf7e13 Extracting 36MB / 56MB
2025-09-26T18:01:32.424Z INFO  - a83dfeaf7e13 Extracting 38MB / 56MB
2025-09-26T18:01:33.427Z INFO  - a83dfeaf7e13 Extracting 39MB / 56MB
2025-09-26T18:01:33.436Z INFO  - a83dfeaf7e13 Extracting 41MB / 56MB
2025-09-26T18:01:33.492Z INFO  - a83dfeaf7e13 Extracting 48MB / 56MB
2025-09-26T18:01:33.822Z INFO  - a83dfeaf7e13 Extracting 49MB / 56MB
2025-09-26T18:01:34.159Z INFO  - a83dfeaf7e13 Extracting 51MB / 56MB
2025-09-26T18:01:34.907Z INFO  - a83dfeaf7e13 Extracting 56MB / 56MB
2025-09-26T18:01:34.952Z INFO  - a83dfeaf7e13 Pull complete
2025-09-26T18:01:35.929Z INFO  - 8229bfef2880 Extracting 32KB / 1MB
2025-09-26T18:01:35.929Z INFO  - 8229bfef2880 Extracting 512KB / 1MB
2025-09-26T18:01:35.929Z INFO  - 8229bfef2880 Extracting 1MB / 1MB
2025-09-26T18:01:35.929Z INFO  - 8229bfef2880 Pull complete
2025-09-26T18:01:35.929Z INFO  - a829e5e6c9f1 Extracting 32KB / 39KB
2025-09-26T18:01:35.929Z INFO  - a829e5e6c9f1 Extracting 39KB / 39KB
2025-09-26T18:01:35.929Z INFO  - a829e5e6c9f1 Pull complete
2025-09-26T18:01:35.929Z INFO  - 43b3f19a5f7b Extracting 10KB / 10KB
2025-09-26T18:01:35.929Z INFO  - 43b3f19a5f7b Extracting 10KB / 10KB
2025-09-26T18:01:35.929Z INFO  - 43b3f19a5f7b Pull complete
2025-09-26T18:01:35.929Z INFO  - 7a953f5c3c0b Extracting 14KB / 14KB
2025-09-26T18:01:35.929Z INFO  - 7a953f5c3c0b Extracting 14KB / 14KB
2025-09-26T18:01:35.929Z INFO  - 7a953f5c3c0b Pull complete
2025-09-26T18:01:35.930Z INFO  - edafa92cab42 Extracting 1KB / 1KB
2025-09-26T18:01:35.930Z INFO  - edafa92cab42 Extracting 1KB / 1KB
2025-09-26T18:01:35.930Z INFO  - edafa92cab42 Pull complete
2025-09-26T18:01:35.930Z INFO  - 5e03e1f8cc28 Extracting 2KB / 2KB
2025-09-26T18:01:35.930Z INFO  - 5e03e1f8cc28 Extracting 2KB / 2KB
2025-09-26T18:01:35.930Z INFO  - 5e03e1f8cc28 Pull complete
2025-09-26T18:01:35.967Z INFO  - 78ee667486be Extracting 499B / 499B
2025-09-26T18:01:35.977Z INFO  - 78ee667486be Extracting 499B / 499B
2025-09-26T18:01:35.983Z INFO  - 78ee667486be Pull complete
2025-09-26T18:01:36.023Z INFO  - 1c6a5ee9f4e9 Extracting 528B / 528B
2025-09-26T18:01:36.029Z INFO  - 1c6a5ee9f4e9 Extracting 528B / 528B
2025-09-26T18:01:36.051Z INFO  - 1c6a5ee9f4e9 Pull complete
2025-09-26T18:01:36.140Z INFO  - e8b550749e66 Extracting 527B / 527B
2025-09-26T18:01:36.148Z INFO  - e8b550749e66 Extracting 527B / 527B
2025-09-26T18:01:36.158Z INFO  - e8b550749e66 Pull complete
2025-09-26T18:01:36.161Z INFO  - d15bc914a9c3 Extracting 2KB / 2KB
2025-09-26T18:01:36.169Z INFO  - d15bc914a9c3 Extracting 2KB / 2KB
2025-09-26T18:01:36.190Z INFO  - d15bc914a9c3 Pull complete
2025-09-26T18:01:36.411Z INFO  - d33500780c7d Extracting 544KB / 111MB
2025-09-26T18:01:37.542Z INFO  - d33500780c7d Extracting 5MB / 111MB
2025-09-26T18:01:37.922Z INFO  - d33500780c7d Extracting 6MB / 111MB
2025-09-26T18:01:38.160Z INFO  - d33500780c7d Extracting 7MB / 111MB
2025-09-26T18:01:39.253Z INFO  - d33500780c7d Extracting 9MB / 111MB
2025-09-26T18:01:39.928Z INFO  - d33500780c7d Extracting 11MB / 111MB
2025-09-26T18:01:40.090Z INFO  - d33500780c7d Extracting 13MB / 111MB
2025-09-26T18:01:40.348Z INFO  - d33500780c7d Extracting 14MB / 111MB
2025-09-26T18:01:41.066Z INFO  - d33500780c7d Extracting 16MB / 111MB
2025-09-26T18:01:41.199Z INFO  - d33500780c7d Extracting 18MB / 111MB
2025-09-26T18:01:42.307Z INFO  - d33500780c7d Extracting 27MB / 111MB
2025-09-26T18:01:42.557Z INFO  - d33500780c7d Extracting 29MB / 111MB
2025-09-26T18:01:42.558Z INFO  - d33500780c7d Extracting 29MB / 111MB
2025-09-26T18:01:43.311Z INFO  - d33500780c7d Extracting 34MB / 111MB
2025-09-26T18:01:43.462Z INFO  - d33500780c7d Extracting 36MB / 111MB
2025-09-26T18:01:44.173Z INFO  - d33500780c7d Extracting 42MB / 111MB
2025-09-26T18:01:44.995Z INFO  - d33500780c7d Extracting 49MB / 111MB
2025-09-26T18:01:45.341Z INFO  - d33500780c7d Extracting 54MB / 111MB
2025-09-26T18:01:45.564Z INFO  - d33500780c7d Extracting 56MB / 111MB
2025-09-26T18:01:46.031Z INFO  - d33500780c7d Extracting 58MB / 111MB
2025-09-26T18:01:46.209Z INFO  - d33500780c7d Extracting 58MB / 111MB
2025-09-26T18:01:47.543Z INFO  - d33500780c7d Extracting 63MB / 111MB
2025-09-26T18:01:48.048Z INFO  - d33500780c7d Extracting 65MB / 111MB
2025-09-26T18:01:48.516Z INFO  - d33500780c7d Extracting 67MB / 111MB
2025-09-26T18:01:49.173Z INFO  - d33500780c7d Extracting 69MB / 111MB
2025-09-26T18:01:49.510Z INFO  - d33500780c7d Extracting 71MB / 111MB
2025-09-26T18:01:49.970Z INFO  - d33500780c7d Extracting 73MB / 111MB
2025-09-26T18:01:50.988Z INFO  - d33500780c7d Extracting 76MB / 111MB
2025-09-26T18:01:51.677Z INFO  - d33500780c7d Extracting 78MB / 111MB
2025-09-26T18:01:51.693Z INFO  - d33500780c7d Extracting 79MB / 111MB
2025-09-26T18:01:52.534Z INFO  - d33500780c7d Extracting 81MB / 111MB
2025-09-26T18:01:52.753Z INFO  - d33500780c7d Extracting 82MB / 111MB
2025-09-26T18:01:53.508Z INFO  - d33500780c7d Extracting 85MB / 111MB
2025-09-26T18:01:54.016Z INFO  - d33500780c7d Extracting 87MB / 111MB
2025-09-26T18:01:54.168Z INFO  - d33500780c7d Extracting 89MB / 111MB
2025-09-26T18:01:54.312Z INFO  - d33500780c7d Extracting 89MB / 111MB
2025-09-26T18:01:55.517Z INFO  - d33500780c7d Extracting 94MB / 111MB
2025-09-26T18:01:55.719Z INFO  - d33500780c7d Extracting 96MB / 111MB
2025-09-26T18:01:56.469Z INFO  - d33500780c7d Extracting 98MB / 111MB
2025-09-26T18:01:57.424Z INFO  - d33500780c7d Extracting 100MB / 111MB
2025-09-26T18:01:57.820Z INFO  - d33500780c7d Extracting 103MB / 111MB
2025-09-26T18:01:58.071Z INFO  - d33500780c7d Extracting 103MB / 111MB
2025-09-26T18:01:58.589Z INFO  - d33500780c7d Extracting 105MB / 111MB
2025-09-26T18:01:59.076Z INFO  - d33500780c7d Extracting 105MB / 111MB
2025-09-26T18:01:59.957Z INFO  - d33500780c7d Extracting 107MB / 111MB
2025-09-26T18:01:59.957Z INFO  - d33500780c7d Extracting 107MB / 111MB
2025-09-26T18:02:00.835Z INFO  - d33500780c7d Extracting 109MB / 111MB
2025-09-26T18:02:01.211Z INFO  - d33500780c7d Extracting 111MB / 111MB
2025-09-26T18:02:01.544Z INFO  - d33500780c7d Pull complete
2025-09-26T18:02:01.547Z INFO  - 0a83b955bad1 Extracting 4KB / 4KB
2025-09-26T18:02:01.565Z INFO  - 0a83b955bad1 Extracting 4KB / 4KB
2025-09-26T18:02:01.576Z INFO  - 0a83b955bad1 Pull complete
2025-09-26T18:02:02.001Z INFO  - ae62b20f0e06 Extracting 2MB / 36MB
2025-09-26T18:02:02.320Z INFO  - ae62b20f0e06 Extracting 3MB / 36MB
2025-09-26T18:02:03.325Z INFO  - ae62b20f0e06 Extracting 3MB / 36MB
2025-09-26T18:02:04.196Z INFO  - ae62b20f0e06 Extracting 4MB / 36MB
2025-09-26T18:02:05.127Z INFO  - ae62b20f0e06 Extracting 5MB / 36MB
2025-09-26T18:02:06.185Z INFO  - ae62b20f0e06 Extracting 6MB / 36MB
2025-09-26T18:02:06.557Z INFO  - ae62b20f0e06 Extracting 6MB / 36MB
2025-09-26T18:02:06.771Z INFO  - ae62b20f0e06 Extracting 7MB / 36MB
2025-09-26T18:02:07.720Z INFO  - ae62b20f0e06 Extracting 11MB / 36MB
2025-09-26T18:02:09.139Z INFO  - ae62b20f0e06 Extracting 16MB / 36MB
2025-09-26T18:02:10.295Z INFO  - ae62b20f0e06 Extracting 21MB / 36MB
2025-09-26T18:02:10.524Z INFO  - ae62b20f0e06 Extracting 24MB / 36MB
2025-09-26T18:02:11.440Z INFO  - ae62b20f0e06 Extracting 27MB / 36MB
2025-09-26T18:02:12.541Z INFO  - ae62b20f0e06 Extracting 31MB / 36MB
2025-09-26T18:02:13.435Z INFO  - ae62b20f0e06 Extracting 32MB / 36MB
2025-09-26T18:02:14.232Z INFO  - ae62b20f0e06 Extracting 33MB / 36MB
2025-09-26T18:02:15.184Z INFO  - ae62b20f0e06 Extracting 34MB / 36MB
2025-09-26T18:02:16.690Z INFO  - ae62b20f0e06 Extracting 35MB / 36MB
2025-09-26T18:02:18.538Z INFO  - ae62b20f0e06 Extracting 36MB / 36MB
2025-09-26T18:02:19.265Z INFO  - ae62b20f0e06 Extracting 36MB / 36MB
2025-09-26T18:02:20.050Z INFO  - ae62b20f0e06 Pull complete
2025-09-26T18:02:21.246Z INFO  - 038c2b53fe5f Extracting 2MB / 32MB
2025-09-26T18:02:21.465Z INFO  - 038c2b53fe5f Extracting 3MB / 32MB
2025-09-26T18:02:21.525Z INFO  - 038c2b53fe5f Extracting 4MB / 32MB
2025-09-26T18:02:21.957Z INFO  - 038c2b53fe5f Extracting 4MB / 32MB
2025-09-26T18:02:22.356Z INFO  - 038c2b53fe5f Extracting 5MB / 32MB
2025-09-26T18:02:23.244Z INFO  - 038c2b53fe5f Extracting 6MB / 32MB
2025-09-26T18:02:23.244Z INFO  - 038c2b53fe5f Extracting 7MB / 32MB
2025-09-26T18:02:23.555Z INFO  - 038c2b53fe5f Extracting 8MB / 32MB
2025-09-26T18:02:23.961Z INFO  - 038c2b53fe5f Extracting 9MB / 32MB
2025-09-26T18:02:24.399Z INFO  - 038c2b53fe5f Extracting 9MB / 32MB
2025-09-26T18:02:24.996Z INFO  - 038c2b53fe5f Extracting 11MB / 32MB
2025-09-26T18:02:25.552Z INFO  - 038c2b53fe5f Extracting 12MB / 32MB
2025-09-26T18:02:25.588Z INFO  - 038c2b53fe5f Extracting 13MB / 32MB
2025-09-26T18:02:26.179Z INFO  - 038c2b53fe5f Extracting 15MB / 32MB
2025-09-26T18:02:26.765Z INFO  - 038c2b53fe5f Extracting 16MB / 32MB
2025-09-26T18:02:27.636Z INFO  - 038c2b53fe5f Extracting 23MB / 32MB
2025-09-26T18:02:27.636Z INFO  - 038c2b53fe5f Extracting 25MB / 32MB
2025-09-26T18:02:28.079Z INFO  - 038c2b53fe5f Extracting 29MB / 32MB
2025-09-26T18:02:28.110Z INFO  - 038c2b53fe5f Extracting 31MB / 32MB
2025-09-26T18:02:28.223Z INFO  - 038c2b53fe5f Extracting 32MB / 32MB
2025-09-26T18:02:28.414Z INFO  - 038c2b53fe5f Pull complete
2025-09-26T18:02:28.558Z INFO  - d75c6794473c Extracting 704KB / 5MB
2025-09-26T18:02:28.986Z INFO  - d75c6794473c Extracting 2MB / 5MB
2025-09-26T18:02:29.109Z INFO  - d75c6794473c Extracting 5MB / 5MB
2025-09-26T18:02:29.136Z INFO  - d75c6794473c Pull complete
2025-09-26T18:02:29.756Z INFO  - b049d305a6a1 Extracting 544KB / 67MB
2025-09-26T18:02:30.110Z INFO  - b049d305a6a1 Extracting 1MB / 67MB
2025-09-26T18:02:31.535Z INFO  - b049d305a6a1 Extracting 4MB / 67MB
2025-09-26T18:02:31.960Z INFO  - b049d305a6a1 Extracting 7MB / 67MB
2025-09-26T18:02:33.158Z INFO  - b049d305a6a1 Extracting 8MB / 67MB
2025-09-26T18:02:33.443Z INFO  - b049d305a6a1 Extracting 9MB / 67MB
2025-09-26T18:02:33.750Z INFO  - b049d305a6a1 Extracting 16MB / 67MB
2025-09-26T18:02:35.327Z INFO  - b049d305a6a1 Extracting 20MB / 67MB
2025-09-26T18:02:35.948Z INFO  - b049d305a6a1 Extracting 21MB / 67MB
2025-09-26T18:02:35.948Z INFO  - b049d305a6a1 Extracting 22MB / 67MB
2025-09-26T18:02:37.173Z INFO  - b049d305a6a1 Extracting 24MB / 67MB
2025-09-26T18:02:37.173Z INFO  - b049d305a6a1 Extracting 26MB / 67MB
2025-09-26T18:02:37.629Z INFO  - b049d305a6a1 Extracting 28MB / 67MB
2025-09-26T18:02:38.652Z INFO  - b049d305a6a1 Extracting 32MB / 67MB
2025-09-26T18:02:39.384Z INFO  - b049d305a6a1 Extracting 34MB / 67MB
2025-09-26T18:02:39.963Z INFO  - b049d305a6a1 Extracting 36MB / 67MB
2025-09-26T18:02:40.259Z INFO  - b049d305a6a1 Extracting 37MB / 67MB
2025-09-26T18:02:41.204Z INFO  - b049d305a6a1 Extracting 39MB / 67MB
2025-09-26T18:02:43.379Z INFO  - b049d305a6a1 Extracting 43MB / 67MB
2025-09-26T18:02:44.937Z INFO  - b049d305a6a1 Extracting 46MB / 67MB
2025-09-26T18:02:45.685Z INFO  - b049d305a6a1 Extracting 47MB / 67MB
2025-09-26T18:02:45.899Z INFO  - b049d305a6a1 Extracting 49MB / 67MB
2025-09-26T18:02:45.899Z INFO  - b049d305a6a1 Extracting 50MB / 67MB
2025-09-26T18:02:46.209Z INFO  - b049d305a6a1 Extracting 51MB / 67MB
2025-09-26T18:02:46.990Z INFO  - b049d305a6a1 Extracting 54MB / 67MB
2025-09-26T18:02:47.976Z INFO  - b049d305a6a1 Extracting 62MB / 67MB
2025-09-26T18:02:48.004Z INFO  - b049d305a6a1 Extracting 63MB / 67MB
2025-09-26T18:02:48.237Z INFO  - b049d305a6a1 Extracting 65MB / 67MB
2025-09-26T18:02:48.717Z INFO  - b049d305a6a1 Extracting 67MB / 67MB
2025-09-26T18:02:48.859Z INFO  - b049d305a6a1 Pull complete
2025-09-26T18:02:48.863Z INFO  - a44dc634b318 Extracting 1KB / 1KB
2025-09-26T18:02:48.872Z INFO  - a44dc634b318 Extracting 1KB / 1KB
2025-09-26T18:02:48.883Z INFO  - a44dc634b318 Pull complete
2025-09-26T18:02:48.890Z INFO  - 27073c19c451 Extracting 1KB / 1KB
2025-09-26T18:02:48.900Z INFO  - 27073c19c451 Extracting 1KB / 1KB
2025-09-26T18:02:48.910Z INFO  - 27073c19c451 Pull complete
2025-09-26T18:02:49.001Z INFO  - 13527115d99f Extracting 3KB / 3KB
2025-09-26T18:02:49.019Z INFO  - 13527115d99f Extracting 3KB / 3KB
2025-09-26T18:02:49.029Z INFO  - 13527115d99f Pull complete
2025-09-26T18:02:49.036Z INFO  - bf0fdaeeb3f7 Extracting 133B / 133B
2025-09-26T18:02:49.046Z INFO  - bf0fdaeeb3f7 Extracting 133B / 133B
2025-09-26T18:02:49.080Z INFO  - bf0fdaeeb3f7 Pull complete
2025-09-26T18:02:49.088Z INFO  - 5102baefcdc8 Extracting 270B / 270B
2025-09-26T18:02:49.094Z INFO  - 5102baefcdc8 Extracting 270B / 270B
2025-09-26T18:02:49.124Z INFO  - 5102baefcdc8 Pull complete
2025-09-26T18:02:49.128Z INFO  - 1025e0b47ade Extracting 270B / 270B
2025-09-26T18:02:49.134Z INFO  - 1025e0b47ade Extracting 270B / 270B
2025-09-26T18:02:49.150Z INFO  - 1025e0b47ade Pull complete
2025-09-26T18:02:49.166Z INFO  - f66774ae7759 Extracting 833B / 833B
2025-09-26T18:02:49.176Z INFO  - f66774ae7759 Extracting 833B / 833B
2025-09-26T18:02:49.212Z INFO  - f66774ae7759 Pull complete
2025-09-26T18:02:49.221Z INFO  - 9d3e177659ba Extracting 124B / 124B
2025-09-26T18:02:49.231Z INFO  - 9d3e177659ba Extracting 124B / 124B
2025-09-26T18:02:49.253Z INFO  - 9d3e177659ba Pull complete
2025-09-26T18:02:49.256Z INFO  - 72b150d989ff Extracting 417B / 417B
2025-09-26T18:02:49.270Z INFO  - 72b150d989ff Extracting 417B / 417B
2025-09-26T18:02:49.292Z INFO  - 72b150d989ff Pull complete
2025-09-26T18:02:49.297Z INFO  - 3a8890c16ee1 Extracting 1KB / 1KB
2025-09-26T18:02:49.307Z INFO  - 3a8890c16ee1 Extracting 1KB / 1KB
2025-09-26T18:02:49.334Z INFO  - 3a8890c16ee1 Pull complete
2025-09-26T18:02:49.337Z INFO  - b4f74be282a8 Extracting 1KB / 1KB
2025-09-26T18:02:49.352Z INFO  - b4f74be282a8 Extracting 1KB / 1KB
2025-09-26T18:02:49.377Z INFO  - b4f74be282a8 Pull complete
2025-09-26T18:02:49.381Z INFO  - 54c588595ccb Extracting 2KB / 2KB
2025-09-26T18:02:49.393Z INFO  - 54c588595ccb Extracting 2KB / 2KB
2025-09-26T18:02:49.415Z INFO  - 54c588595ccb Pull complete
2025-09-26T18:02:49.434Z INFO  - aa5881a808a7 Extracting 121B / 121B
2025-09-26T18:02:49.445Z INFO  - aa5881a808a7 Extracting 121B / 121B
2025-09-26T18:02:49.469Z INFO  - aa5881a808a7 Pull complete
2025-09-26T18:02:49.475Z INFO  - 0d10948fb54a Extracting 1KB / 1KB
2025-09-26T18:02:49.485Z INFO  - 0d10948fb54a Extracting 1KB / 1KB
2025-09-26T18:02:49.494Z INFO  - 0d10948fb54a Pull complete
2025-09-26T18:02:49.504Z INFO  - cce10504149a Extracting 1KB / 1KB
2025-09-26T18:02:49.535Z INFO  - cce10504149a Extracting 1KB / 1KB
2025-09-26T18:02:49.592Z INFO  - cce10504149a Pull complete
2025-09-26T18:02:49.601Z INFO  - 81ac14b1e143 Extracting 356B / 356B
2025-09-26T18:02:49.620Z INFO  - 81ac14b1e143 Extracting 356B / 356B
2025-09-26T18:02:49.641Z INFO  - 81ac14b1e143 Pull complete
2025-09-26T18:02:49.645Z INFO  - 5d89654d990c Extracting 842B / 842B
2025-09-26T18:02:49.656Z INFO  - 5d89654d990c Extracting 842B / 842B
2025-09-26T18:02:49.682Z INFO  - 5d89654d990c Pull complete
2025-09-26T18:02:49.686Z INFO  - b2884c533f11 Extracting 137B / 137B
2025-09-26T18:02:49.696Z INFO  - b2884c533f11 Extracting 137B / 137B
2025-09-26T18:02:49.719Z INFO  - b2884c533f11 Pull complete
2025-09-26T18:02:49.726Z INFO  - 52653cff8975 Extracting 2KB / 2KB
2025-09-26T18:02:49.744Z INFO  - 52653cff8975 Extracting 2KB / 2KB
2025-09-26T18:02:49.764Z INFO  - 52653cff8975 Pull complete
2025-09-26T18:02:49.771Z INFO  - 46283f458752 Extracting 144B / 144B
2025-09-26T18:02:49.782Z INFO  - 46283f458752 Extracting 144B / 144B
2025-09-26T18:02:49.803Z INFO  - 46283f458752 Pull complete
2025-09-26T18:02:49.810Z INFO  - 18bdf1202246 Extracting 11KB / 11KB
2025-09-26T18:02:49.824Z INFO  - 18bdf1202246 Extracting 11KB / 11KB
2025-09-26T18:02:49.851Z INFO  - 18bdf1202246 Pull complete
2025-09-26T18:02:50.355Z INFO  - f9cf866730ad Extracting 1MB / 5MB
2025-09-26T18:02:50.464Z INFO  - f9cf866730ad Extracting 1MB / 5MB
2025-09-26T18:02:50.588Z INFO  - f9cf866730ad Extracting 2MB / 5MB
2025-09-26T18:02:50.828Z INFO  - f9cf866730ad Extracting 2MB / 5MB
2025-09-26T18:02:50.968Z INFO  - f9cf866730ad Extracting 2MB / 5MB
2025-09-26T18:02:51.085Z INFO  - f9cf866730ad Extracting 2MB / 5MB
2025-09-26T18:02:51.437Z INFO  - f9cf866730ad Extracting 5MB / 5MB
2025-09-26T18:02:51.499Z INFO  - f9cf866730ad Pull complete
2025-09-26T18:02:51.512Z INFO  - 7b7e7c24cd01 Extracting 16KB / 16KB
2025-09-26T18:02:51.540Z INFO  - 7b7e7c24cd01 Extracting 16KB / 16KB
2025-09-26T18:02:51.599Z INFO  - 7b7e7c24cd01 Pull complete
2025-09-26T18:02:51.608Z INFO  - b2e6613866c5 Extracting 1KB / 1KB
2025-09-26T18:02:51.617Z INFO  - b2e6613866c5 Extracting 1KB / 1KB
2025-09-26T18:02:51.631Z INFO  - b2e6613866c5 Pull complete
2025-09-26T18:02:51.723Z INFO  -  Digest: sha256:517bdc46b4270b6405bed2f7c4bf003d29a64ab1172ad9197e1347b1dca1e3d0
2025-09-26T18:02:51.727Z INFO  -  Status: Downloaded newer image for 10.1.0.5:13209/appsvc/python:3.11_20250723.2.tuxprod
2025-09-26T18:02:51.783Z INFO  - Pull Image successful, Time taken: 118 Seconds
2025-09-26T18:02:53.304Z INFO  - Starting container for site
2025-09-26T18:02:53.304Z INFO  - docker run -d --expose=8000 --name garments-pos-backend_0_e35211bd -e WEBSITE_USE_DIAGNOSTIC_SERVER=false -e WEBSITE_SITE_NAME=garments-pos-backend -e WEBSITE_AUTH_ENABLED=False -e WEBSITE_ROLE_INSTANCE_ID=0 -e WEBSITE_HOSTNAME=garments-pos-backend.azurewebsites.net -e WEBSITE_INSTANCE_ID=d0cde28736e5c1d3a440595e581ee6705e5b0295d317a5142ddf15c6269c1f4d appsvc/python:3.11_20250723.2.tuxprod REDACTED
2025-09-26T18:02:53.304Z INFO  - Logging is not enabled for this container.
Please use https://aka.ms/linux-diagnostics to enable logging to see container logs here.
2025-09-26T18:02:57.349Z INFO  - Initiating warmup request to container garments-pos-backend_0_e35211bd for site garments-pos-backend
2025-09-26T18:03:15.820Z INFO  - Waiting for response to warmup request for container garments-pos-backend_0_e35211bd. Elapsed time = 18.5077682 sec
2025-09-26T18:03:15.878Z ERROR - Container garments-pos-backend_0_e35211bd for site garments-pos-backend has exited, failing site start
2025-09-26T18:03:15.913Z ERROR - Container garments-pos-backend_0_e35211bd didn't respond to HTTP pings on port: 8000. Failing site start. See container logs for debugging.
2025-09-26T18:03:15.996Z INFO  - Stopping site garments-pos-backend because it failed during startup.
2025-09-26T18:03:29.291Z INFO  - 3.11_20250723.2.tuxprod Pulling from appsvc/python
2025-09-26T18:03:29.303Z INFO  -  Digest: sha256:517bdc46b4270b6405bed2f7c4bf003d29a64ab1172ad9197e1347b1dca1e3d0
2025-09-26T18:03:29.304Z INFO  -  Status: Image is up to date for 10.1.0.5:13209/appsvc/python:3.11_20250723.2.tuxprod
2025-09-26T18:03:29.325Z INFO  - Pull Image successful, Time taken: 0 Seconds
2025-09-26T18:03:29.486Z INFO  - Starting container for site
2025-09-26T18:03:29.487Z INFO  - docker run -d --expose=8000 --name garments-pos-backend_0_9254cc05 -e WEBSITE_USE_DIAGNOSTIC_SERVER=false -e WEBSITE_SITE_NAME=garments-pos-backend -e WEBSITE_AUTH_ENABLED=False -e WEBSITE_ROLE_INSTANCE_ID=0 -e WEBSITE_HOSTNAME=garments-pos-backend.azurewebsites.net -e WEBSITE_INSTANCE_ID=d0cde28736e5c1d3a440595e581ee6705e5b0295d317a5142ddf15c6269c1f4d appsvc/python:3.11_20250723.2.tuxprod REDACTED
2025-09-26T18:03:29.488Z INFO  - Logging is not enabled for this container.
Please use https://aka.ms/linux-diagnostics to enable logging to see container logs here.
2025-09-26T18:03:33.058Z INFO  - Initiating warmup request to container garments-pos-backend_0_9254cc05 for site garments-pos-backend
2025-09-26T18:03:47.950Z ERROR - Container garments-pos-backend_0_9254cc05 for site garments-pos-backend has exited, failing site start
2025-09-26T18:03:47.961Z ERROR - Container garments-pos-backend_0_9254cc05 didn't respond to HTTP pings on port: 8000. Failing site start. See container logs for debugging.
2025-09-26T18:03:47.970Z INFO  - Stopping site garments-pos-backend because it failed during startup.
2025-09-26T18:04:00.490Z INFO  - 3.11_20250723.2.tuxprod Pulling from appsvc/python
2025-09-26T18:04:00.514Z INFO  -  Digest: sha256:517bdc46b4270b6405bed2f7c4bf003d29a64ab1172ad9197e1347b1dca1e3d0
2025-09-26T18:04:00.530Z INFO  -  Status: Image is up to date for 10.1.0.5:13209/appsvc/python:3.11_20250723.2.tuxprod
2025-09-26T18:04:00.550Z INFO  - Pull Image successful, Time taken: 0 Seconds
2025-09-26T18:04:00.743Z INFO  - Starting container for site
2025-09-26T18:04:00.744Z INFO  - docker run -d --expose=8000 --name garments-pos-backend_0_4f3e9015 -e WEBSITE_USE_DIAGNOSTIC_SERVER=false -e WEBSITE_SITE_NAME=garments-pos-backend -e WEBSITE_AUTH_ENABLED=False -e WEBSITE_ROLE_INSTANCE_ID=0 -e WEBSITE_HOSTNAME=garments-pos-backend.azurewebsites.net -e WEBSITE_INSTANCE_ID=d0cde28736e5c1d3a440595e581ee6705e5b0295d317a5142ddf15c6269c1f4d appsvc/python:3.11_20250723.2.tuxprod REDACTED
2025-09-26T18:04:00.745Z INFO  - Logging is not enabled for this container.
Please use https://aka.ms/linux-diagnostics to enable logging to see container logs here.
2025-09-26T18:04:06.376Z INFO  - Initiating warmup request to container garments-pos-backend_0_4f3e9015 for site garments-pos-backend
2025-09-26T18:04:20.235Z ERROR - Container garments-pos-backend_0_4f3e9015 for site garments-pos-backend has exited, failing site start
2025-09-26T18:04:20.245Z ERROR - Container garments-pos-backend_0_4f3e9015 didn't respond to HTTP pings on port: 8000. Failing site start. See container logs for debugging.
2025-09-26T18:04:20.275Z INFO  - Stopping site garments-pos-backend because it failed during startup.
2025-09-26T18:04:31.107Z INFO  - 3.11_20250723.2.tuxprod Pulling from appsvc/python
2025-09-26T18:04:31.119Z INFO  -  Digest: sha256:517bdc46b4270b6405bed2f7c4bf003d29a64ab1172ad9197e1347b1dca1e3d0
2025-09-26T18:04:31.120Z INFO  -  Status: Image is up to date for 10.1.0.5:13209/appsvc/python:3.11_20250723.2.tuxprod
2025-09-26T18:04:31.136Z INFO  - Pull Image successful, Time taken: 0 Seconds
2025-09-26T18:04:31.308Z INFO  - Starting container for site
2025-09-26T18:04:31.316Z INFO  - docker run -d --expose=8000 --name garments-pos-backend_0_e72d310d -e WEBSITE_USE_DIAGNOSTIC_SERVER=false -e WEBSITE_SITE_NAME=garments-pos-backend -e WEBSITE_AUTH_ENABLED=False -e WEBSITE_ROLE_INSTANCE_ID=0 -e WEBSITE_HOSTNAME=garments-pos-backend.azurewebsites.net -e WEBSITE_INSTANCE_ID=d0cde28736e5c1d3a440595e581ee6705e5b0295d317a5142ddf15c6269c1f4d appsvc/python:3.11_20250723.2.tuxprod REDACTED
2025-09-26T18:04:31.317Z INFO  - Logging is not enabled for this container.
Please use https://aka.ms/linux-diagnostics to enable logging to see container logs here.
2025-09-26T18:04:35.128Z INFO  - Initiating warmup request to container garments-pos-backend_0_e72d310d for site garments-pos-backend
2025-09-26T18:04:49.415Z ERROR - Container garments-pos-backend_0_e72d310d for site garments-pos-backend has exited, failing site start
2025-09-26T18:04:49.434Z ERROR - Container garments-pos-backend_0_e72d310d didn't respond to HTTP pings on port: 8000. Failing site start. See container logs for debugging.
2025-09-26T18:04:49.485Z INFO  - Stopping site garments-pos-backend because it failed during startup.
2025-09-26T18:06:56.5633803Z Container start method called.
2025-09-26T18:06:56.5641293Z Establishing network.
2025-09-26T18:06:56.5908266Z Pulling image: appsvc/python:3.11_20250723.2.tuxprod.
2025-09-26T18:06:57.4793308Z Container is starting.
2025-09-26T18:06:57.4794604Z Establishing user namespace if not established already.
2025-09-26T18:06:57.4795775Z Establishing network if not established already.
2025-09-26T18:06:57.4796863Z Mounting volumes.
2025-09-26T18:06:57.4798711Z Nested mountpoint 
2025-09-26T18:06:57.5000655Z Nested mountpoint volatile/logs
2025-09-26T18:06:57.5538329Z Nested mountpoint 
2025-09-26T18:06:57.6124527Z Nested mountpoint 
2025-09-26T18:06:57.6241918Z Nested mountpoint 
2025-09-26T18:06:58.1901494Z Creating container.
2025-09-26T18:06:58.1917261Z Creating pipes for streaming container io.
2025-09-26T18:06:58.1930944Z Creating stdout named pipe at /podr/container/pipe/7c7f5d972d73_garments-pos-backend/stdout_e235cf8c83ec4458ad3bd58689d83aa2.
2025-09-26T18:06:58.2014595Z Successfully created stdout named pipe at: /podr/container/pipe/7c7f5d972d73_garments-pos-backend/stdout_e235cf8c83ec4458ad3bd58689d83aa2.
2025-09-26T18:06:58.2022697Z Opening named pipe /podr/container/pipe/7c7f5d972d73_garments-pos-backend/stdout_e235cf8c83ec4458ad3bd58689d83aa2 for reading in non-blocking mode.
2025-09-26T18:06:58.2105703Z Successfully opened named pipe: /podr/container/pipe/7c7f5d972d73_garments-pos-backend/stdout_e235cf8c83ec4458ad3bd58689d83aa2.
2025-09-26T18:06:58.2107062Z Successfully removed non-blocking flag from /podr/container/pipe/7c7f5d972d73_garments-pos-backend/stdout_e235cf8c83ec4458ad3bd58689d83aa2.
2025-09-26T18:06:58.2108188Z Creating stderr named pipe at /podr/container/pipe/7c7f5d972d73_garments-pos-backend/stderr_bd50710233264960ba855271d64bf9bb.
2025-09-26T18:06:58.2110104Z Successfully created stderr named pipe at: /podr/container/pipe/7c7f5d972d73_garments-pos-backend/stderr_bd50710233264960ba855271d64bf9bb.
2025-09-26T18:06:58.2111061Z Opening named pipe /podr/container/pipe/7c7f5d972d73_garments-pos-backend/stderr_bd50710233264960ba855271d64bf9bb for reading in non-blocking mode.
2025-09-26T18:06:58.2128611Z Successfully opened named pipe: /podr/container/pipe/7c7f5d972d73_garments-pos-backend/stderr_bd50710233264960ba855271d64bf9bb.
2025-09-26T18:06:58.2217000Z Successfully removed non-blocking flag from /podr/container/pipe/7c7f5d972d73_garments-pos-backend/stderr_bd50710233264960ba855271d64bf9bb.
2025-09-26T18:06:58.2294608Z Creating container with image: appsvc/python:3.11_20250723.2.tuxprod from registry: 10.1.0.4:13209 and fully qualified image name: 10.1.0.4:13209/appsvc/python:3.11_20250723.2.tuxprod
2025-09-26T18:06:58.7372811Z Starting container: 7c7f5d972d73_garments-pos-backend.
2025-09-26T18:06:58.8423413Z Starting watchers and probes.
2025-09-26T18:06:58.8726394Z Starting metrics collection.
2025-09-26T18:06:58.8802481Z Container is running.
2025-09-26T18:06:59.0195760Z Container start method finished after 2455 ms.
2025-09-26T18:07:26.8320716Z Container has finished running with exit code: 1.
2025-09-26T18:07:26.8486271Z Container is terminating. Grace period: 5 seconds.
2025-09-26T18:07:26.8504609Z Stop and delete container. Retry count = 0
2025-09-26T18:07:26.8591151Z Stopping container: 7c7f5d972d73_garments-pos-backend.
2025-09-26T18:07:27.1202551Z Deleting container: 7c7f5d972d73_garments-pos-backend. Retry count = 0
2025-09-26T18:07:27.7565269Z Container spec TerminationMessagePolicy  path 
2025-09-26T18:07:27.7734485Z Container is terminated. Total time elapsed: 924 ms.
2025-09-26T18:07:27.7743315Z Site container: garments-pos-backend terminated during site startup.
2025-09-26T18:07:27.7756230Z Site startup probe failed after 28.6781188 seconds.
2025-09-26T18:07:27.8594183Z Failed to start site. Revert by stopping site.
2025-09-26T18:07:27.8698944Z Site: garments-pos-backend stopped.
2025-09-26T18:07:33.900Z INFO  - 3.11_20250723.2.tuxprod Pulling from appsvc/python
2025-09-26T18:07:33.921Z INFO  -  Digest: sha256:517bdc46b4270b6405bed2f7c4bf003d29a64ab1172ad9197e1347b1dca1e3d0
2025-09-26T18:07:33.921Z INFO  -  Status: Image is up to date for 10.1.0.5:13209/appsvc/python:3.11_20250723.2.tuxprod
2025-09-26T18:07:33.980Z INFO  - Pull Image successful, Time taken: 0 Seconds
2025-09-26T18:07:34.531Z INFO  - Starting container for site
2025-09-26T18:07:34.550Z INFO  - docker run -d --expose=8000 --name garments-pos-backend_0_89bdccb2 -e WEBSITE_USE_DIAGNOSTIC_SERVER=false -e WEBSITE_SITE_NAME=garments-pos-backend -e WEBSITE_AUTH_ENABLED=False -e WEBSITE_ROLE_INSTANCE_ID=0 -e WEBSITE_HOSTNAME=garments-pos-backend.azurewebsites.net -e WEBSITE_INSTANCE_ID=d0cde28736e5c1d3a440595e581ee6705e5b0295d317a5142ddf15c6269c1f4d appsvc/python:3.11_20250723.2.tuxprod REDACTED
2025-09-26T18:07:34.551Z INFO  - Logging is not enabled for this container.
Please use https://aka.ms/linux-diagnostics to enable logging to see container logs here.
2025-09-26T18:07:43.595Z INFO  - Initiating warmup request to container garments-pos-backend_0_89bdccb2 for site garments-pos-backend
2025-09-26T18:08:01.711Z INFO  - Waiting for response to warmup request for container garments-pos-backend_0_89bdccb2. Elapsed time = 18.0884085 sec
2025-09-26T18:08:04.540Z ERROR - Container garments-pos-backend_0_89bdccb2 for site garments-pos-backend has exited, failing site start
2025-09-26T18:08:04.651Z ERROR - Container garments-pos-backend_0_89bdccb2 didn't respond to HTTP pings on port: 8000. Failing site start. See container logs for debugging.
2025-09-26T18:08:04.777Z INFO  - Stopping site garments-pos-backend because it failed during startup.
2025-09-26T18:11:55.972Z INFO  - 3.11_20250723.2.tuxprod Pulling from appsvc/python
2025-09-26T18:11:55.993Z INFO  -  Digest: sha256:517bdc46b4270b6405bed2f7c4bf003d29a64ab1172ad9197e1347b1dca1e3d0
2025-09-26T18:11:56.004Z INFO  -  Status: Downloaded newer image for 10.1.0.4:13209/appsvc/python:3.11_20250723.2.tuxprod
2025-09-26T18:11:56.054Z INFO  - Pull Image successful, Time taken: 0 Seconds
2025-09-26T18:11:56.310Z INFO  - Starting container for site
2025-09-26T18:11:56.311Z INFO  - docker run -d --expose=8000 --name garments-pos-backend_0_7e4349a9 -e WEBSITE_USE_DIAGNOSTIC_SERVER=false -e WEBSITE_SITE_NAME=garments-pos-backend -e WEBSITE_AUTH_ENABLED=False -e WEBSITE_ROLE_INSTANCE_ID=0 -e WEBSITE_HOSTNAME=garments-pos-backend.azurewebsites.net -e WEBSITE_INSTANCE_ID=d0cde28736e5c1d3a440595e581ee6705e5b0295d317a5142ddf15c6269c1f4d appsvc/python:3.11_20250723.2.tuxprod REDACTED
2025-09-26T18:11:56.312Z INFO  - Logging is not enabled for this container.
Please use https://aka.ms/linux-diagnostics to enable logging to see container logs here.
2025-09-26T18:12:00.603Z INFO  - Initiating warmup request to container garments-pos-backend_0_7e4349a9 for site garments-pos-backend
2025-09-26T18:12:19.709Z INFO  - Waiting for response to warmup request for container garments-pos-backend_0_7e4349a9. Elapsed time = 19.1001924 sec
2025-09-26T18:12:20.850Z ERROR - Container garments-pos-backend_0_7e4349a9 for site garments-pos-backend has exited, failing site start
2025-09-26T18:12:20.869Z ERROR - Container garments-pos-backend_0_7e4349a9 didn't respond to HTTP pings on port: 8000. Failing site start. See container logs for debugging.
2025-09-26T18:12:20.982Z INFO  - Stopping site garments-pos-backend because it failed during startup.
2025-09-26T18:14:40.5135342Z Container start method called.
2025-09-26T18:14:40.5525636Z Establishing network.
2025-09-26T18:14:40.5527861Z Pulling image: appsvc/python:3.11_20250723.2.tuxprod.
2025-09-26T18:14:41.5365800Z Container is starting.
2025-09-26T18:14:41.5437815Z Establishing user namespace if not established already.
2025-09-26T18:14:41.5516804Z Establishing network if not established already.
2025-09-26T18:14:41.5523144Z Mounting volumes.
2025-09-26T18:14:41.5621846Z Nested mountpoint 
2025-09-26T18:14:41.6183371Z Nested mountpoint volatile/logs
2025-09-26T18:14:41.6383421Z Nested mountpoint 
2025-09-26T18:14:41.7314994Z Nested mountpoint 
2025-09-26T18:14:41.7399280Z Nested mountpoint 
2025-09-26T18:14:42.3720561Z Creating container.
2025-09-26T18:14:42.3742253Z Creating pipes for streaming container io.
2025-09-26T18:14:42.3747915Z Creating stdout named pipe at /podr/container/pipe/7af7a37a164d_garments-pos-backend/stdout_8f5f0f50057a4eeab77b28e34f2a53ca.
2025-09-26T18:14:42.3926779Z Successfully created stdout named pipe at: /podr/container/pipe/7af7a37a164d_garments-pos-backend/stdout_8f5f0f50057a4eeab77b28e34f2a53ca.
2025-09-26T18:14:42.3943768Z Opening named pipe /podr/container/pipe/7af7a37a164d_garments-pos-backend/stdout_8f5f0f50057a4eeab77b28e34f2a53ca for reading in non-blocking mode.
2025-09-26T18:14:42.4017589Z Successfully opened named pipe: /podr/container/pipe/7af7a37a164d_garments-pos-backend/stdout_8f5f0f50057a4eeab77b28e34f2a53ca.
2025-09-26T18:14:42.4023442Z Successfully removed non-blocking flag from /podr/container/pipe/7af7a37a164d_garments-pos-backend/stdout_8f5f0f50057a4eeab77b28e34f2a53ca.
2025-09-26T18:14:42.4030816Z Creating stderr named pipe at /podr/container/pipe/7af7a37a164d_garments-pos-backend/stderr_607035bc4b3947f5b6fa9855c08fa8b7.
2025-09-26T18:14:42.4042550Z Successfully created stderr named pipe at: /podr/container/pipe/7af7a37a164d_garments-pos-backend/stderr_607035bc4b3947f5b6fa9855c08fa8b7.
2025-09-26T18:14:42.4124755Z Opening named pipe /podr/container/pipe/7af7a37a164d_garments-pos-backend/stderr_607035bc4b3947f5b6fa9855c08fa8b7 for reading in non-blocking mode.
2025-09-26T18:14:42.4516922Z Successfully opened named pipe: /podr/container/pipe/7af7a37a164d_garments-pos-backend/stderr_607035bc4b3947f5b6fa9855c08fa8b7.
2025-09-26T18:14:42.4597039Z Successfully removed non-blocking flag from /podr/container/pipe/7af7a37a164d_garments-pos-backend/stderr_607035bc4b3947f5b6fa9855c08fa8b7.
2025-09-26T18:14:42.4695391Z Creating container with image: appsvc/python:3.11_20250723.2.tuxprod from registry: 10.1.0.4:13209 and fully qualified image name: 10.1.0.4:13209/appsvc/python:3.11_20250723.2.tuxprod
2025-09-26T18:14:43.3598692Z Starting container: 7af7a37a164d_garments-pos-backend.
2025-09-26T18:14:43.4559300Z Starting watchers and probes.
2025-09-26T18:14:43.4745809Z Starting metrics collection.
2025-09-26T18:14:43.4846530Z Container is running.
2025-09-26T18:14:43.7572955Z Container start method finished after 3234 ms.
2025-09-26T18:14:59.5891083Z Container has finished running with exit code: 1.
2025-09-26T18:14:59.5915593Z Container is terminating. Grace period: 5 seconds.
2025-09-26T18:14:59.6005254Z Stop and delete container. Retry count = 0
2025-09-26T18:14:59.6078770Z Stopping container: 7af7a37a164d_garments-pos-backend.
2025-09-26T18:14:59.6799543Z Deleting container: 7af7a37a164d_garments-pos-backend. Retry count = 0
2025-09-26T18:15:00.2020665Z Container spec TerminationMessagePolicy  path 
2025-09-26T18:15:00.2100611Z Container is terminated. Total time elapsed: 604 ms.
2025-09-26T18:15:00.2111847Z Site container: garments-pos-backend terminated during site startup.
2025-09-26T18:15:00.2126591Z Site startup probe failed after 16.416166 seconds.
2025-09-26T18:15:00.2506964Z Failed to start site. Revert by stopping site.
2025-09-26T18:15:00.2606221Z Site: garments-pos-backend stopped.
2025-09-26T18:18:22.0844579Z Container start method called.
2025-09-26T18:18:22.0846014Z Establishing network.
2025-09-26T18:18:22.1390235Z Pulling image: appsvc/python:3.11_20250723.2.tuxprod.
2025-09-26T18:18:24.3857745Z Image appsvc/python:3.11_20250723.2.tuxprod is pulled from registry 10.1.0.5:13209
2025-09-26T18:18:24.3859092Z Container is starting.
2025-09-26T18:18:24.3860222Z Establishing user namespace if not established already.
2025-09-26T18:18:24.3861195Z Establishing network if not established already.
2025-09-26T18:18:24.4007496Z Mounting volumes.
2025-09-26T18:18:24.4028586Z Nested mountpoint 
2025-09-26T18:18:24.4858950Z Nested mountpoint volatile/logs
2025-09-26T18:18:24.5038658Z Nested mountpoint 
2025-09-26T18:18:24.5047434Z Nested mountpoint 
2025-09-26T18:18:24.5291207Z Nested mountpoint 
2025-09-26T18:18:25.6657945Z Creating container.
2025-09-26T18:18:25.6674972Z Creating pipes for streaming container io.
2025-09-26T18:18:25.6757361Z Creating stdout named pipe at /podr/container/pipe/603ffee3e4d1_garments-pos-backend/stdout_3fd6257d1ea345a6a894d87d1bc31e55.
2025-09-26T18:18:25.6872860Z Successfully created stdout named pipe at: /podr/container/pipe/603ffee3e4d1_garments-pos-backend/stdout_3fd6257d1ea345a6a894d87d1bc31e55.
2025-09-26T18:18:25.6875316Z Opening named pipe /podr/container/pipe/603ffee3e4d1_garments-pos-backend/stdout_3fd6257d1ea345a6a894d87d1bc31e55 for reading in non-blocking mode.
2025-09-26T18:18:25.6876802Z Successfully opened named pipe: /podr/container/pipe/603ffee3e4d1_garments-pos-backend/stdout_3fd6257d1ea345a6a894d87d1bc31e55.
2025-09-26T18:18:25.6878051Z Successfully removed non-blocking flag from /podr/container/pipe/603ffee3e4d1_garments-pos-backend/stdout_3fd6257d1ea345a6a894d87d1bc31e55.
2025-09-26T18:18:25.6879222Z Creating stderr named pipe at /podr/container/pipe/603ffee3e4d1_garments-pos-backend/stderr_865050ea716f42cdacc087b6c0444c69.
2025-09-26T18:18:25.7810004Z Successfully created stderr named pipe at: /podr/container/pipe/603ffee3e4d1_garments-pos-backend/stderr_865050ea716f42cdacc087b6c0444c69.
2025-09-26T18:18:25.7964653Z Opening named pipe /podr/container/pipe/603ffee3e4d1_garments-pos-backend/stderr_865050ea716f42cdacc087b6c0444c69 for reading in non-blocking mode.
2025-09-26T18:18:25.7982402Z Successfully opened named pipe: /podr/container/pipe/603ffee3e4d1_garments-pos-backend/stderr_865050ea716f42cdacc087b6c0444c69.
2025-09-26T18:18:25.7997014Z Successfully removed non-blocking flag from /podr/container/pipe/603ffee3e4d1_garments-pos-backend/stderr_865050ea716f42cdacc087b6c0444c69.
2025-09-26T18:18:25.8151318Z Creating container with image: appsvc/python:3.11_20250723.2.tuxprod from registry: 10.1.0.5:13209 and fully qualified image name: 10.1.0.5:13209/appsvc/python:3.11_20250723.2.tuxprod
2025-09-26T18:18:26.6591773Z Starting container: 603ffee3e4d1_garments-pos-backend.
2025-09-26T18:18:26.7829849Z Starting watchers and probes.
2025-09-26T18:18:26.7834202Z Starting metrics collection.
2025-09-26T18:18:26.7853989Z Container is running.
2025-09-26T18:18:27.0770110Z Container start method finished after 4965 ms.
2025-09-26T18:18:46.2691930Z Container has finished running with exit code: 1.
2025-09-26T18:18:46.2791731Z Container is terminating. Grace period: 5 seconds.
2025-09-26T18:18:46.2894648Z Stop and delete container. Retry count = 0
2025-09-26T18:18:46.2956583Z Stopping container: 603ffee3e4d1_garments-pos-backend.
2025-09-26T18:18:46.3955543Z Deleting container: 603ffee3e4d1_garments-pos-backend. Retry count = 0
2025-09-26T18:18:47.1966958Z Container spec TerminationMessagePolicy  path 
2025-09-26T18:18:47.1985337Z Container is terminated. Total time elapsed: 917 ms.
2025-09-26T18:18:47.2064465Z Site container: garments-pos-backend terminated during site startup.
2025-09-26T18:18:47.2089387Z Site startup probe failed after 20.0995976 seconds.
2025-09-26T18:18:47.2593891Z Failed to start site. Revert by stopping site.
2025-09-26T18:18:47.2695454Z Site: garments-pos-backend stopped.
2025-09-26T19:24:21.3863384Z Container start method called.
2025-09-26T19:24:21.3972699Z Establishing network.
2025-09-26T19:24:21.3990714Z Pulling image: appsvc/python:3.11_20250723.2.tuxprod.
2025-09-26T19:24:22.4773936Z Container is starting.
2025-09-26T19:24:22.4841334Z Establishing user namespace if not established already.
2025-09-26T19:24:22.4921382Z Establishing network if not established already.
2025-09-26T19:24:22.4938279Z Mounting volumes.
2025-09-26T19:24:22.5131905Z Nested mountpoint 
2025-09-26T19:24:22.5884695Z Nested mountpoint volatile/logs
2025-09-26T19:24:22.6181925Z Nested mountpoint 
2025-09-26T19:24:22.6672975Z Nested mountpoint 
2025-09-26T19:24:22.8403564Z Nested mountpoint 
2025-09-26T19:24:23.5239014Z Creating container.
2025-09-26T19:24:23.5330778Z Creating pipes for streaming container io.
2025-09-26T19:24:23.5400571Z Creating stdout named pipe at /podr/container/pipe/7521e430990d_garments-pos-backend/stdout_033ac276a4084667ae1a4971f661ce2e.
2025-09-26T19:24:23.5596944Z Successfully created stdout named pipe at: /podr/container/pipe/7521e430990d_garments-pos-backend/stdout_033ac276a4084667ae1a4971f661ce2e.
2025-09-26T19:24:23.5602440Z Opening named pipe /podr/container/pipe/7521e430990d_garments-pos-backend/stdout_033ac276a4084667ae1a4971f661ce2e for reading in non-blocking mode.
2025-09-26T19:24:23.5604301Z Successfully opened named pipe: /podr/container/pipe/7521e430990d_garments-pos-backend/stdout_033ac276a4084667ae1a4971f661ce2e.
2025-09-26T19:24:23.5605287Z Successfully removed non-blocking flag from /podr/container/pipe/7521e430990d_garments-pos-backend/stdout_033ac276a4084667ae1a4971f661ce2e.
2025-09-26T19:24:23.5606428Z Creating stderr named pipe at /podr/container/pipe/7521e430990d_garments-pos-backend/stderr_be2717e153294ac8ab100095611cf445.
2025-09-26T19:24:23.5609473Z Successfully created stderr named pipe at: /podr/container/pipe/7521e430990d_garments-pos-backend/stderr_be2717e153294ac8ab100095611cf445.
2025-09-26T19:24:23.5612844Z Opening named pipe /podr/container/pipe/7521e430990d_garments-pos-backend/stderr_be2717e153294ac8ab100095611cf445 for reading in non-blocking mode.
2025-09-26T19:24:23.5614080Z Successfully opened named pipe: /podr/container/pipe/7521e430990d_garments-pos-backend/stderr_be2717e153294ac8ab100095611cf445.
2025-09-26T19:24:23.5615076Z Successfully removed non-blocking flag from /podr/container/pipe/7521e430990d_garments-pos-backend/stderr_be2717e153294ac8ab100095611cf445.
2025-09-26T19:24:23.5815828Z Creating container with image: appsvc/python:3.11_20250723.2.tuxprod from registry: 10.1.0.5:13209 and fully qualified image name: 10.1.0.5:13209/appsvc/python:3.11_20250723.2.tuxprod
2025-09-26T19:24:24.3931831Z Starting container: 7521e430990d_garments-pos-backend.
2025-09-26T19:24:24.5722711Z Starting watchers and probes.
2025-09-26T19:24:24.6148879Z Starting metrics collection.
2025-09-26T19:24:24.6479047Z Container is running.
2025-09-26T19:24:24.9903018Z Container start method finished after 3570 ms.
2025-09-26T19:24:42.9342224Z Container has finished running with exit code: 1.
2025-09-26T19:24:42.9349419Z Container is terminating. Grace period: 5 seconds.
2025-09-26T19:24:42.9825242Z Stop and delete container. Retry count = 0
2025-09-26T19:24:42.9827944Z Stopping container: 7521e430990d_garments-pos-backend.
2025-09-26T19:24:44.5641552Z Deleting container: 7521e430990d_garments-pos-backend. Retry count = 0
2025-09-26T19:24:44.9923385Z Container spec TerminationMessagePolicy  path 
2025-09-26T19:24:45.0002626Z Container is terminated. Total time elapsed: 2064 ms.
2025-09-26T19:24:45.0022564Z Site container: garments-pos-backend terminated during site startup.
2025-09-26T19:24:45.0103588Z Site startup probe failed after 19.9613612 seconds.
2025-09-26T19:24:45.0570420Z Failed to start site. Revert by stopping site.
2025-09-26T19:24:45.0990731Z Site: garments-pos-backend stopped.
2025-09-26T19:26:04.9887122Z Container start method called.
2025-09-26T19:26:04.9972892Z Establishing network.
2025-09-26T19:26:04.9975436Z Pulling image: appsvc/python:3.11_20250723.2.tuxprod.
2025-09-26T19:26:05.6941286Z Container is starting.
2025-09-26T19:26:05.6942629Z Establishing user namespace if not established already.
2025-09-26T19:26:05.6943938Z Establishing network if not established already.
2025-09-26T19:26:05.6945175Z Mounting volumes.
2025-09-26T19:26:05.6947006Z Nested mountpoint 
2025-09-26T19:26:05.8297991Z Nested mountpoint volatile/logs
2025-09-26T19:26:05.8595702Z Nested mountpoint 
2025-09-26T19:26:05.8702019Z Nested mountpoint 
2025-09-26T19:26:05.9991034Z Nested mountpoint 
2025-09-26T19:26:06.5182694Z Creating container.
2025-09-26T19:26:06.5291530Z Creating pipes for streaming container io.
2025-09-26T19:26:06.5308363Z Creating stdout named pipe at /podr/container/pipe/751e98ae44cb_garments-pos-backend/stdout_7e2ba2e5757a476da60dc6711eb3cff7.
2025-09-26T19:26:06.5472643Z Successfully created stdout named pipe at: /podr/container/pipe/751e98ae44cb_garments-pos-backend/stdout_7e2ba2e5757a476da60dc6711eb3cff7.
2025-09-26T19:26:06.5479060Z Opening named pipe /podr/container/pipe/751e98ae44cb_garments-pos-backend/stdout_7e2ba2e5757a476da60dc6711eb3cff7 for reading in non-blocking mode.
2025-09-26T19:26:06.5484736Z Successfully opened named pipe: /podr/container/pipe/751e98ae44cb_garments-pos-backend/stdout_7e2ba2e5757a476da60dc6711eb3cff7.
2025-09-26T19:26:06.5490236Z Successfully removed non-blocking flag from /podr/container/pipe/751e98ae44cb_garments-pos-backend/stdout_7e2ba2e5757a476da60dc6711eb3cff7.
2025-09-26T19:26:06.5559910Z Creating stderr named pipe at /podr/container/pipe/751e98ae44cb_garments-pos-backend/stderr_310b7523eef347a1ab3de8f46522d2ed.
2025-09-26T19:26:06.5563395Z Successfully created stderr named pipe at: /podr/container/pipe/751e98ae44cb_garments-pos-backend/stderr_310b7523eef347a1ab3de8f46522d2ed.
2025-09-26T19:26:06.5571413Z Opening named pipe /podr/container/pipe/751e98ae44cb_garments-pos-backend/stderr_310b7523eef347a1ab3de8f46522d2ed for reading in non-blocking mode.
2025-09-26T19:26:06.5647226Z Successfully opened named pipe: /podr/container/pipe/751e98ae44cb_garments-pos-backend/stderr_310b7523eef347a1ab3de8f46522d2ed.
2025-09-26T19:26:06.5657857Z Successfully removed non-blocking flag from /podr/container/pipe/751e98ae44cb_garments-pos-backend/stderr_310b7523eef347a1ab3de8f46522d2ed.
2025-09-26T19:26:06.5729015Z Creating container with image: appsvc/python:3.11_20250723.2.tuxprod from registry: 10.1.0.4:13209 and fully qualified image name: 10.1.0.4:13209/appsvc/python:3.11_20250723.2.tuxprod
2025-09-26T19:26:07.2935984Z Starting container: 751e98ae44cb_garments-pos-backend.
2025-09-26T19:26:07.3911712Z Starting watchers and probes.
2025-09-26T19:26:07.3916154Z Starting metrics collection.
2025-09-26T19:26:07.3922337Z Container is running.
2025-09-26T19:26:07.6513844Z Container start method finished after 2645 ms.
2025-09-26T19:26:26.0327052Z Container has finished running with exit code: 1.
2025-09-26T19:26:26.0340179Z Container is terminating. Grace period: 5 seconds.
2025-09-26T19:26:26.0437670Z Stop and delete container. Retry count = 0
2025-09-26T19:26:26.0445431Z Stopping container: 751e98ae44cb_garments-pos-backend.
2025-09-26T19:26:26.1133376Z Deleting container: 751e98ae44cb_garments-pos-backend. Retry count = 0
2025-09-26T19:26:27.0322955Z Container spec TerminationMessagePolicy  path 
2025-09-26T19:26:27.0380817Z Container is terminated. Total time elapsed: 998 ms.
2025-09-26T19:26:27.0398685Z Site container: garments-pos-backend terminated during site startup.
2025-09-26T19:26:27.0408602Z Site startup probe failed after 19.3789703 seconds.
2025-09-26T19:26:27.0749321Z Failed to start site. Revert by stopping site.
2025-09-26T19:26:27.0937039Z Site: garments-pos-backend stopped.
2025-09-26T19:27:50.1347531Z Container start method called.
2025-09-26T19:27:50.1348888Z Establishing network.
2025-09-26T19:27:50.1452216Z Pulling image: appsvc/python:3.11_20250723.2.tuxprod.
2025-09-26T19:27:50.8651990Z Container is starting.
2025-09-26T19:27:50.8727982Z Establishing user namespace if not established already.
2025-09-26T19:27:50.8740899Z Establishing network if not established already.
2025-09-26T19:27:50.8754292Z Mounting volumes.
2025-09-26T19:27:50.8846438Z Nested mountpoint 
2025-09-26T19:27:50.9328097Z Nested mountpoint volatile/logs
2025-09-26T19:27:50.9526218Z Nested mountpoint 
2025-09-26T19:27:50.9818974Z Nested mountpoint 
2025-09-26T19:27:50.9910115Z Nested mountpoint 
2025-09-26T19:27:51.6285983Z Creating container.
2025-09-26T19:27:51.6422980Z Creating pipes for streaming container io.
2025-09-26T19:27:51.6425001Z Creating stdout named pipe at /podr/container/pipe/835c4e7a365f_garments-pos-backend/stdout_4da49100b11a4edc968ee4dad9c79f4c.
2025-09-26T19:27:51.6441990Z Successfully created stdout named pipe at: /podr/container/pipe/835c4e7a365f_garments-pos-backend/stdout_4da49100b11a4edc968ee4dad9c79f4c.
2025-09-26T19:27:51.6708286Z Opening named pipe /podr/container/pipe/835c4e7a365f_garments-pos-backend/stdout_4da49100b11a4edc968ee4dad9c79f4c for reading in non-blocking mode.
2025-09-26T19:27:51.6713240Z Successfully opened named pipe: /podr/container/pipe/835c4e7a365f_garments-pos-backend/stdout_4da49100b11a4edc968ee4dad9c79f4c.
2025-09-26T19:27:51.6716464Z Successfully removed non-blocking flag from /podr/container/pipe/835c4e7a365f_garments-pos-backend/stdout_4da49100b11a4edc968ee4dad9c79f4c.
2025-09-26T19:27:51.6728146Z Creating stderr named pipe at /podr/container/pipe/835c4e7a365f_garments-pos-backend/stderr_1897f44a6b3f459f8394304f848fd71d.
2025-09-26T19:27:51.6791858Z Successfully created stderr named pipe at: /podr/container/pipe/835c4e7a365f_garments-pos-backend/stderr_1897f44a6b3f459f8394304f848fd71d.
2025-09-26T19:27:51.6797060Z Opening named pipe /podr/container/pipe/835c4e7a365f_garments-pos-backend/stderr_1897f44a6b3f459f8394304f848fd71d for reading in non-blocking mode.
2025-09-26T19:27:51.6800839Z Successfully opened named pipe: /podr/container/pipe/835c4e7a365f_garments-pos-backend/stderr_1897f44a6b3f459f8394304f848fd71d.
2025-09-26T19:27:51.6805300Z Successfully removed non-blocking flag from /podr/container/pipe/835c4e7a365f_garments-pos-backend/stderr_1897f44a6b3f459f8394304f848fd71d.
2025-09-26T19:27:51.6809595Z Creating container with image: appsvc/python:3.11_20250723.2.tuxprod from registry: 10.1.0.5:13209 and fully qualified image name: 10.1.0.5:13209/appsvc/python:3.11_20250723.2.tuxprod
2025-09-26T19:27:52.1670041Z Starting container: 835c4e7a365f_garments-pos-backend.
2025-09-26T19:27:52.9768354Z Starting watchers and probes.
2025-09-26T19:27:52.9777137Z Starting metrics collection.
2025-09-26T19:27:52.9779580Z Container is running.
2025-09-26T19:27:55.1495857Z Container start method finished after 5014 ms.
2025-09-26T19:28:12.7789513Z Container has finished running with exit code: 1.
2025-09-26T19:28:12.7790827Z Container is terminating. Grace period: 5 seconds.
2025-09-26T19:28:12.7815444Z Stop and delete container. Retry count = 0
2025-09-26T19:28:12.7816721Z Stopping container: 835c4e7a365f_garments-pos-backend.
2025-09-26T19:28:12.9712500Z Deleting container: 835c4e7a365f_garments-pos-backend. Retry count = 0
2025-09-26T19:28:13.7247639Z Container spec TerminationMessagePolicy  path 
2025-09-26T19:28:13.7322600Z Container is terminated. Total time elapsed: 952 ms.
2025-09-26T19:28:13.7335935Z Site container: garments-pos-backend terminated during site startup.
2025-09-26T19:28:13.7347747Z Site startup probe failed after 18.4999154 seconds.
2025-09-26T19:28:13.7601443Z Failed to start site. Revert by stopping site.
2025-09-26T19:28:13.7802717Z Site: garments-pos-backend stopped.
